Removed Pin From Net: NetName=C.0 Pin=DOT-1
Removed Pin From Net: NetName=GND Pin=LCD-1
Removed Pin From Net: NetName=VCC Pin=LCD-2
Removed Pin From Net: NetName=D.4 Pin=LCD-4
Removed Pin From Net: NetName=GND Pin=LCD-5
Removed Pin From Net: NetName=D.5 Pin=LCD-6
Removed Pin From Net: NetName=GND Pin=LCD-7
Removed Pin From Net: NetName=GND Pin=LCD-8
Removed Pin From Net: NetName=GND Pin=LCD-9
Removed Pin From Net: NetName=GND Pin=LCD-10
Removed Pin From Net: NetName=D.0 Pin=LCD-11
Removed Pin From Net: NetName=D.1 Pin=LCD-12
Removed Pin From Net: NetName=D.2 Pin=LCD-13
Removed Pin From Net: NetName=D.3 Pin=LCD-14
Removed Pin From Net: NetName=VCC Pin=LCD-15
Removed Pin From Net: NetName=GND Pin=LCD-16
Removed Pin From Net: NetName=VCC Pin=POT-1
Removed Pin From Net: NetName=GND Pin=POT-2
Removed Pin From Net: NetName=MCLR Pin=PRO PIN-1
Removed Pin From Net: NetName=VCC Pin=PRO PIN-2
Removed Pin From Net: NetName=GND Pin=PRO PIN-3
Removed Pin From Net: NetName=B.7 Pin=PRO PIN-4
Removed Pin From Net: NetName=B.6 Pin=PRO PIN-5
Removed Pin From Net: NetName=B.5 Pin=PRO PIN-6
Removed Pin From Net: NetName=GND Pin=R5-1
Removed Pin From Net: NetName=B.0 Pin=R6-2
Removed Member From Class: ClassName=18F4520SCH Member=DOT1
Removed Member From Class: ClassName=18F4520SCH Member=DOT
Removed Member From Class: ClassName=18F4520SCH Member=LCD
Removed Member From Class: ClassName=18F4520SCH Member=POT
Removed Member From Class: ClassName=18F4520SCH Member=PRO PIN
Removed Member From Class: ClassName=18F4520SCH Member=R6
Added Pin To Net: NetName=B.0 Pin=B-1
Change Class Name : Old Net Name=18F4520SCH New Net Name=18F4520SCH - Copy
Added Room: Name=18F4520SCH - Copy
