Removed Pin From Net: NetName=GND Pin=C3-1
Removed Pin From Net: NetName=NetBridge IC_1 Pin=C3-2
Removed Pin From Net: NetName=GND Pin=C4-1
Removed Pin From Net: NetName=NetBridge IC_3 Pin=C4-2
Removed Pin From Net: NetName=GND Pin=C5-1
Removed Pin From Net: NetName=NetC5_2 Pin=C5-2
Removed Pin From Net: NetName=GND Pin=C6-1
Removed Pin From Net: NetName=NetC6_2 Pin=C6-2
Change Component DesignItemId : Designator=C3 Old DesignItemId=Cap New DesignItemId=Cap2
Change Component DesignItemId : Designator=C4 Old DesignItemId=Cap New DesignItemId=Cap2
Change Component DesignItemId : Designator=C5 Old DesignItemId=Cap New DesignItemId=Cap2
Change Component DesignItemId : Designator=C6 Old DesignItemId=Cap New DesignItemId=Cap2
Change Component Footprint: Designator=C3 Old Footprint=RAD-0.3 New Footprint=CAPR5-4X5
Change Component Footprint: Designator=C4 Old Footprint=RAD-0.3 New Footprint=CAPR5-4X5
Change Component Footprint: Designator=C5 Old Footprint=RAD-0.3 New Footprint=CAPR5-4X5
Change Component Footprint: Designator=C6 Old Footprint=RAD-0.3 New Footprint=CAPR5-4X5
Change Component Comment : Designator=C3 Old Comment=Cap New Comment=Cap2
Change Component Comment : Designator=C4 Old Comment=Cap New Comment=Cap2
Change Component Comment : Designator=C5 Old Comment=Cap New Comment=Cap2
Change Component Comment : Designator=C6 Old Comment=Cap New Comment=Cap2
Added Pin To Net: NetName=NetBridge IC_1 Pin=C3-1
Added Pin To Net: NetName=GND Pin=C3-2
Added Pin To Net: NetName=NetBridge IC_3 Pin=C4-1
Added Pin To Net: NetName=GND Pin=C4-2
Added Pin To Net: NetName=NetC5_2 Pin=C5-1
Added Pin To Net: NetName=GND Pin=C5-2
Added Pin To Net: NetName=NetC6_2 Pin=C6-1
Added Pin To Net: NetName=GND Pin=C6-2
Change Net Name : Old Net Name=NetC5_2 New Net Name=NetC5_1
Change Net Name : Old Net Name=NetC6_2 New Net Name=NetC6_1
Added Member To Class: ClassName=Sheet1 Member=Component C3 Cap2
Added Room: Name=Sheet1
