;  LST file generated by mikroListExporter - v.2.0 
; Date/Time: 04-04-2014 11.44.32 AM
;----------------------------------------------

;Address Opcode 	ASM
0x0000	0xF002EFB4  	GOTO        1384
0x0004	0x0000      	NOP
0x0006	0x0000      	NOP
0x0008	0xF000EF00  	GOTO        0
0x000C	0x0000      	NOP
0x000E	0x0000      	NOP
0x0010	0x0000      	NOP
0x0012	0x0000      	NOP
0x0014	0x0000      	NOP
0x0016	0x0000      	NOP
0x0018	0xD7F3      	BRA         0
_Delay_50us:
;__Lib_Delays.c,19 :: 		void Delay_50us() {
;__Lib_Delays.c,20 :: 		Delay_us(50);
0x001C	0x0E29      	MOVLW       41
0x001E	0x6E0D      	MOVWF       R13, 0
L_Delay_50us2:
0x0020	0x2E0D      	DECFSZ      R13, 1, 0
0x0022	0xD7FE      	BRA         L_Delay_50us2
0x0024	0x0000      	NOP
;__Lib_Delays.c,21 :: 		}
L_end_Delay_50us:
0x0026	0x0012      	RETURN      0
; end of _Delay_50us
_Delay_5500us:
;__Lib_Delays.c,31 :: 		void Delay_5500us() {
;__Lib_Delays.c,32 :: 		Delay_us(5500);
0x0028	0x0E12      	MOVLW       18
0x002A	0x6E0C      	MOVWF       R12, 0
0x002C	0x0EDA      	MOVLW       218
0x002E	0x6E0D      	MOVWF       R13, 0
L_Delay_5500us5:
0x0030	0x2E0D      	DECFSZ      R13, 1, 0
0x0032	0xD7FE      	BRA         L_Delay_5500us5
0x0034	0x2E0C      	DECFSZ      R12, 1, 0
0x0036	0xD7FC      	BRA         L_Delay_5500us5
0x0038	0x0000      	NOP
;__Lib_Delays.c,33 :: 		}
L_end_Delay_5500us:
0x003A	0x0012      	RETURN      0
; end of _Delay_5500us
_Delay_1us:
;__Lib_Delays.c,7 :: 		void Delay_1us() {
;__Lib_Delays.c,8 :: 		Delay_us(1);
0x003C	0x0000      	NOP
0x003E	0x0000      	NOP
;__Lib_Delays.c,9 :: 		}
L_end_Delay_1us:
0x0040	0x0012      	RETURN      0
; end of _Delay_1us
_Lcd_Cmd:
;__Lib_Lcd.c,18 :: 		
;__Lib_Lcd.c,20 :: 		
0x0042	0xBE62      	BTFSC       FARG_Lcd_Cmd_out_char, 7 
0x0044	0xD002      	BRA         L__Lcd_Cmd21
0x0046	0x9683      	BCF         LCD_D7, BitPos(LCD_D7+0) 
0x0048	0xD001      	BRA         L__Lcd_Cmd22
L__Lcd_Cmd21:
0x004A	0x8683      	BSF         LCD_D7, BitPos(LCD_D7+0) 
L__Lcd_Cmd22:
;__Lib_Lcd.c,21 :: 		
0x004C	0xBC62      	BTFSC       FARG_Lcd_Cmd_out_char, 6 
0x004E	0xD002      	BRA         L__Lcd_Cmd23
0x0050	0x9483      	BCF         LCD_D6, BitPos(LCD_D6+0) 
0x0052	0xD001      	BRA         L__Lcd_Cmd24
L__Lcd_Cmd23:
0x0054	0x8483      	BSF         LCD_D6, BitPos(LCD_D6+0) 
L__Lcd_Cmd24:
;__Lib_Lcd.c,22 :: 		
0x0056	0xBA62      	BTFSC       FARG_Lcd_Cmd_out_char, 5 
0x0058	0xD002      	BRA         L__Lcd_Cmd25
0x005A	0x9283      	BCF         LCD_D5, BitPos(LCD_D5+0) 
0x005C	0xD001      	BRA         L__Lcd_Cmd26
L__Lcd_Cmd25:
0x005E	0x8283      	BSF         LCD_D5, BitPos(LCD_D5+0) 
L__Lcd_Cmd26:
;__Lib_Lcd.c,23 :: 		
0x0060	0xB862      	BTFSC       FARG_Lcd_Cmd_out_char, 4 
0x0062	0xD002      	BRA         L__Lcd_Cmd27
0x0064	0x9083      	BCF         LCD_D4, BitPos(LCD_D4+0) 
0x0066	0xD001      	BRA         L__Lcd_Cmd28
L__Lcd_Cmd27:
0x0068	0x8083      	BSF         LCD_D4, BitPos(LCD_D4+0) 
L__Lcd_Cmd28:
;__Lib_Lcd.c,25 :: 		
0x006A	0xB053      	BTFSC       __Lib_Lcd_cmd_status, BitPos(__Lib_Lcd_cmd_status+0) 
0x006C	0xD002      	BRA         L__Lcd_Cmd29
0x006E	0x8883      	BSF         LCD_RS, BitPos(LCD_RS+0) 
0x0070	0xD001      	BRA         L__Lcd_Cmd30
L__Lcd_Cmd29:
0x0072	0x9883      	BCF         LCD_RS, BitPos(LCD_RS+0) 
L__Lcd_Cmd30:
;__Lib_Lcd.c,28 :: 		
0x0074	0x8A83      	BSF         LCD_EN, BitPos(LCD_EN+0) 
;__Lib_Lcd.c,29 :: 		
0x0076	0xDFE2      	RCALL       _Delay_1us
;__Lib_Lcd.c,30 :: 		
0x0078	0x9A83      	BCF         LCD_EN, BitPos(LCD_EN+0) 
;__Lib_Lcd.c,33 :: 		
0x007A	0xB662      	BTFSC       FARG_Lcd_Cmd_out_char, 3 
0x007C	0xD002      	BRA         L__Lcd_Cmd31
0x007E	0x9683      	BCF         LCD_D7, BitPos(LCD_D7+0) 
0x0080	0xD001      	BRA         L__Lcd_Cmd32
L__Lcd_Cmd31:
0x0082	0x8683      	BSF         LCD_D7, BitPos(LCD_D7+0) 
L__Lcd_Cmd32:
;__Lib_Lcd.c,34 :: 		
0x0084	0xB462      	BTFSC       FARG_Lcd_Cmd_out_char, 2 
0x0086	0xD002      	BRA         L__Lcd_Cmd33
0x0088	0x9483      	BCF         LCD_D6, BitPos(LCD_D6+0) 
0x008A	0xD001      	BRA         L__Lcd_Cmd34
L__Lcd_Cmd33:
0x008C	0x8483      	BSF         LCD_D6, BitPos(LCD_D6+0) 
L__Lcd_Cmd34:
;__Lib_Lcd.c,35 :: 		
0x008E	0xB262      	BTFSC       FARG_Lcd_Cmd_out_char, 1 
0x0090	0xD002      	BRA         L__Lcd_Cmd35
0x0092	0x9283      	BCF         LCD_D5, BitPos(LCD_D5+0) 
0x0094	0xD001      	BRA         L__Lcd_Cmd36
L__Lcd_Cmd35:
0x0096	0x8283      	BSF         LCD_D5, BitPos(LCD_D5+0) 
L__Lcd_Cmd36:
;__Lib_Lcd.c,36 :: 		
0x0098	0xB062      	BTFSC       FARG_Lcd_Cmd_out_char, 0 
0x009A	0xD002      	BRA         L__Lcd_Cmd37
0x009C	0x9083      	BCF         LCD_D4, BitPos(LCD_D4+0) 
0x009E	0xD001      	BRA         L__Lcd_Cmd38
L__Lcd_Cmd37:
0x00A0	0x8083      	BSF         LCD_D4, BitPos(LCD_D4+0) 
L__Lcd_Cmd38:
;__Lib_Lcd.c,38 :: 		
0x00A2	0xB053      	BTFSC       __Lib_Lcd_cmd_status, BitPos(__Lib_Lcd_cmd_status+0) 
0x00A4	0xD002      	BRA         L__Lcd_Cmd39
0x00A6	0x8883      	BSF         LCD_RS, BitPos(LCD_RS+0) 
0x00A8	0xD001      	BRA         L__Lcd_Cmd40
L__Lcd_Cmd39:
0x00AA	0x9883      	BCF         LCD_RS, BitPos(LCD_RS+0) 
L__Lcd_Cmd40:
;__Lib_Lcd.c,40 :: 		
0x00AC	0x8A83      	BSF         LCD_EN, BitPos(LCD_EN+0) 
;__Lib_Lcd.c,41 :: 		
0x00AE	0xDFC6      	RCALL       _Delay_1us
;__Lib_Lcd.c,42 :: 		
0x00B0	0x9A83      	BCF         LCD_EN, BitPos(LCD_EN+0) 
;__Lib_Lcd.c,44 :: 		
0x00B2	0xA053      	BTFSS       __Lib_Lcd_cmd_status, BitPos(__Lib_Lcd_cmd_status+0) 
0x00B4	0xD002      	BRA         L_Lcd_Cmd0
;__Lib_Lcd.c,45 :: 		
0x00B6	0xDFB8      	RCALL       _Delay_5500us
0x00B8	0xD001      	BRA         L_Lcd_Cmd1
L_Lcd_Cmd0:
;__Lib_Lcd.c,47 :: 		
0x00BA	0xDFB0      	RCALL       _Delay_50us
L_Lcd_Cmd1:
;__Lib_Lcd.c,48 :: 		
L_end_Lcd_Cmd:
0x00BC	0x0012      	RETURN      0
; end of _Lcd_Cmd
_Lcd_Chr_CP:
;__Lib_Lcd.c,50 :: 		
;__Lib_Lcd.c,52 :: 		
0x00BE	0x9053      	BCF         __Lib_Lcd_cmd_status, BitPos(__Lib_Lcd_cmd_status+0) 
;__Lib_Lcd.c,53 :: 		
0x00C0	0xF062C061  	MOVFF       FARG_Lcd_Chr_CP_out_char, FARG_Lcd_Cmd_out_char
0x00C4	0xDFBE      	RCALL       _Lcd_Cmd
;__Lib_Lcd.c,54 :: 		
0x00C6	0x8053      	BSF         __Lib_Lcd_cmd_status, BitPos(__Lib_Lcd_cmd_status+0) 
;__Lib_Lcd.c,55 :: 		
L_end_Lcd_Chr_CP:
0x00C8	0x0012      	RETURN      0
; end of _Lcd_Chr_CP
_Delay_22us:
;__Lib_Delays.c,15 :: 		void Delay_22us() {
;__Lib_Delays.c,16 :: 		Delay_us(22);
0x00CA	0x0E12      	MOVLW       18
0x00CC	0x6E0D      	MOVWF       R13, 0
L_Delay_22us1:
0x00CE	0x2E0D      	DECFSZ      R13, 1, 0
0x00D0	0xD7FE      	BRA         L_Delay_22us1
;__Lib_Delays.c,17 :: 		}
L_end_Delay_22us:
0x00D2	0x0012      	RETURN      0
; end of _Delay_22us
_Mul_32x32_U:
;__Lib_Math.c,1616 :: 		
;__Lib_Math.c,1631 :: 		
0x00D4	0x0E22      	MOVLW       34
;__Lib_Math.c,1632 :: 		
0x00D6	0x6E0C      	MOVWF       R12, 0
;__Lib_Math.c,1633 :: 		
0x00D8	0x6A08      	CLRF        R8, 0
;__Lib_Math.c,1634 :: 		
0x00DA	0x6A09      	CLRF        R9, 0
;__Lib_Math.c,1635 :: 		
0x00DC	0x6A0A      	CLRF        R10, 0
;__Lib_Math.c,1636 :: 		
0x00DE	0x6A0B      	CLRF        R11, 0
;__Lib_Math.c,1638 :: 		
_NEXT:
;__Lib_Math.c,1642 :: 		
0x00E0	0x060C      	DECF        R12, 1, 0
;__Lib_Math.c,1643 :: 		
0x00E2	0xB4D8      	BTFSC       STATUS, 2, 0
;__Lib_Math.c,1644 :: 		
0x00E4	0xD01F      	BRA         _EXIT2
;__Lib_Math.c,1645 :: 		
0x00E6	0x90D8      	BCF         STATUS, 0, 0
;__Lib_Math.c,1647 :: 		
_LOOP:
;__Lib_Math.c,1656 :: 		
0x00E8	0x320B      	RRCF        R11, 1, 0
;__Lib_Math.c,1657 :: 		
0x00EA	0x320A      	RRCF        R10, 1, 0
;__Lib_Math.c,1658 :: 		
0x00EC	0x3209      	RRCF        R9, 1, 0
;__Lib_Math.c,1659 :: 		
0x00EE	0x3208      	RRCF        R8, 1, 0
;__Lib_Math.c,1660 :: 		
0x00F0	0x3203      	RRCF        R3, 1, 0
;__Lib_Math.c,1661 :: 		
0x00F2	0x3202      	RRCF        R2, 1, 0
;__Lib_Math.c,1662 :: 		
0x00F4	0x3201      	RRCF        R1, 1, 0
;__Lib_Math.c,1663 :: 		
0x00F6	0x3200      	RRCF        R0, 1, 0
;__Lib_Math.c,1668 :: 		
0x00F8	0xA0D8      	BTFSS       STATUS, 0, 0
;__Lib_Math.c,1669 :: 		
0x00FA	0xD7F2      	BRA         _NEXT
;__Lib_Math.c,1670 :: 		
0x00FC	0x060C      	DECF        R12, 1, 0
;__Lib_Math.c,1671 :: 		
0x00FE	0xB4D8      	BTFSC       STATUS, 2, 0
;__Lib_Math.c,1672 :: 		
0x0100	0xD009      	BRA         _EXIT1
;__Lib_Math.c,1679 :: 		
0x0102	0x5004      	MOVF        R4, 0, 0
;__Lib_Math.c,1680 :: 		
0x0104	0x2608      	ADDWF       R8, 1, 0
;__Lib_Math.c,1681 :: 		
0x0106	0x5005      	MOVF        R5, 0, 0
;__Lib_Math.c,1684 :: 		
0x0108	0x2209      	ADDWFC      R9, 1, 0
;__Lib_Math.c,1685 :: 		
0x010A	0x5006      	MOVF        R6, 0, 0
;__Lib_Math.c,1688 :: 		
0x010C	0x220A      	ADDWFC      R10, 1, 0
;__Lib_Math.c,1689 :: 		
0x010E	0x5007      	MOVF        R7, 0, 0
;__Lib_Math.c,1692 :: 		
0x0110	0x220B      	ADDWFC      R11, 1, 0
;__Lib_Math.c,1694 :: 		
0x0112	0xD7EA      	BRA         _LOOP
;__Lib_Math.c,1696 :: 		
_EXIT1:
;__Lib_Math.c,1701 :: 		
0x0114	0x5004      	MOVF        R4, 0, 0
;__Lib_Math.c,1702 :: 		
0x0116	0x2608      	ADDWF       R8, 1, 0
;__Lib_Math.c,1703 :: 		
0x0118	0x5005      	MOVF        R5, 0, 0
;__Lib_Math.c,1706 :: 		
0x011A	0x2209      	ADDWFC      R9, 1, 0
;__Lib_Math.c,1707 :: 		
0x011C	0x5006      	MOVF        R6, 0, 0
;__Lib_Math.c,1710 :: 		
0x011E	0x220A      	ADDWFC      R10, 1, 0
;__Lib_Math.c,1711 :: 		
0x0120	0x5007      	MOVF        R7, 0, 0
;__Lib_Math.c,1714 :: 		
0x0122	0x220B      	ADDWFC      R11, 1, 0
;__Lib_Math.c,1717 :: 		
_EXIT2:
;__Lib_Math.c,1719 :: 		
L_end_Mul_32x32_U:
0x0124	0x0012      	RETURN      0
; end of _Mul_32x32_U
___CC2DW:
;__Lib_System.c,21 :: 		
;__Lib_System.c,23 :: 		
_CC2DL_Loop1:
;__Lib_System.c,24 :: 		
0x0126	0x0009      	TBLRD*+
;__Lib_System.c,25 :: 		
0x0128	0xFFE6CFF5  	MOVFF       TABLAT, POSTINC1
;__Lib_System.c,26 :: 		
0x012C	0x0600      	DECF        R0, 1, 0
;__Lib_System.c,27 :: 		
0x012E	0xE1FB      	BNZ         _CC2DL_Loop1
;__Lib_System.c,28 :: 		
0x0130	0x0601      	DECF        R1, 1, 0
;__Lib_System.c,29 :: 		
0x0132	0xE1F9      	BNZ         _CC2DL_Loop1
;__Lib_System.c,31 :: 		
L_end___CC2DW:
0x0134	0x0012      	RETURN      0
; end of ___CC2DW
_Lcd_Init:
;__Lib_Lcd.c,84 :: 		
;__Lib_Lcd.c,86 :: 		
0x0136	0x9A95      	BCF         LCD_EN_Direction, BitPos(LCD_EN_Direction+0) 
;__Lib_Lcd.c,87 :: 		
0x0138	0x9895      	BCF         LCD_RS_Direction, BitPos(LCD_RS_Direction+0) 
;__Lib_Lcd.c,88 :: 		
0x013A	0x9095      	BCF         LCD_D4_Direction, BitPos(LCD_D4_Direction+0) 
;__Lib_Lcd.c,89 :: 		
0x013C	0x9295      	BCF         LCD_D5_Direction, BitPos(LCD_D5_Direction+0) 
;__Lib_Lcd.c,90 :: 		
0x013E	0x9495      	BCF         LCD_D6_Direction, BitPos(LCD_D6_Direction+0) 
;__Lib_Lcd.c,91 :: 		
0x0140	0x9695      	BCF         LCD_D7_Direction, BitPos(LCD_D7_Direction+0) 
;__Lib_Lcd.c,93 :: 		
0x0142	0x9A83      	BCF         LCD_EN, BitPos(LCD_EN+0) 
;__Lib_Lcd.c,94 :: 		
0x0144	0x9883      	BCF         LCD_RS, BitPos(LCD_RS+0) 
;__Lib_Lcd.c,95 :: 		
0x0146	0x9683      	BCF         LCD_D7, BitPos(LCD_D7+0) 
;__Lib_Lcd.c,96 :: 		
0x0148	0x9483      	BCF         LCD_D6, BitPos(LCD_D6+0) 
;__Lib_Lcd.c,97 :: 		
0x014A	0x9283      	BCF         LCD_D5, BitPos(LCD_D5+0) 
;__Lib_Lcd.c,98 :: 		
0x014C	0x9083      	BCF         LCD_D4, BitPos(LCD_D4+0) 
;__Lib_Lcd.c,100 :: 		
0x014E	0xDF6C      	RCALL       _Delay_5500us
;__Lib_Lcd.c,101 :: 		
0x0150	0xDF6B      	RCALL       _Delay_5500us
;__Lib_Lcd.c,102 :: 		
0x0152	0xDF6A      	RCALL       _Delay_5500us
;__Lib_Lcd.c,105 :: 		
0x0154	0x8283      	BSF         LCD_D5, BitPos(LCD_D5+0) 
;__Lib_Lcd.c,106 :: 		
0x0156	0x8083      	BSF         LCD_D4, BitPos(LCD_D4+0) 
;__Lib_Lcd.c,107 :: 		
0x0158	0x8A83      	BSF         LCD_EN, BitPos(LCD_EN+0) 
;__Lib_Lcd.c,108 :: 		
0x015A	0xDF70      	RCALL       _Delay_1us
;__Lib_Lcd.c,109 :: 		
0x015C	0x9A83      	BCF         LCD_EN, BitPos(LCD_EN+0) 
;__Lib_Lcd.c,110 :: 		
0x015E	0xDF64      	RCALL       _Delay_5500us
;__Lib_Lcd.c,112 :: 		
0x0160	0x8A83      	BSF         LCD_EN, BitPos(LCD_EN+0) 
;__Lib_Lcd.c,113 :: 		
0x0162	0xDF6C      	RCALL       _Delay_1us
;__Lib_Lcd.c,114 :: 		
0x0164	0x9A83      	BCF         LCD_EN, BitPos(LCD_EN+0) 
;__Lib_Lcd.c,115 :: 		
0x0166	0xDF60      	RCALL       _Delay_5500us
;__Lib_Lcd.c,117 :: 		
0x0168	0x8A83      	BSF         LCD_EN, BitPos(LCD_EN+0) 
;__Lib_Lcd.c,118 :: 		
0x016A	0xDF68      	RCALL       _Delay_1us
;__Lib_Lcd.c,119 :: 		
0x016C	0x9A83      	BCF         LCD_EN, BitPos(LCD_EN+0) 
;__Lib_Lcd.c,120 :: 		
0x016E	0xDF5C      	RCALL       _Delay_5500us
;__Lib_Lcd.c,123 :: 		
0x0170	0x9083      	BCF         LCD_D4, BitPos(LCD_D4+0) 
;__Lib_Lcd.c,124 :: 		
0x0172	0x8A83      	BSF         LCD_EN, BitPos(LCD_EN+0) 
;__Lib_Lcd.c,125 :: 		
0x0174	0xDF63      	RCALL       _Delay_1us
;__Lib_Lcd.c,126 :: 		
0x0176	0x9A83      	BCF         LCD_EN, BitPos(LCD_EN+0) 
;__Lib_Lcd.c,127 :: 		
0x0178	0xDF57      	RCALL       _Delay_5500us
;__Lib_Lcd.c,130 :: 		
0x017A	0x8A83      	BSF         LCD_EN, BitPos(LCD_EN+0) 
;__Lib_Lcd.c,131 :: 		
0x017C	0xDF5F      	RCALL       _Delay_1us
;__Lib_Lcd.c,132 :: 		
0x017E	0x9A83      	BCF         LCD_EN, BitPos(LCD_EN+0) 
;__Lib_Lcd.c,134 :: 		
0x0180	0x9283      	BCF         LCD_D5, BitPos(LCD_D5+0) 
;__Lib_Lcd.c,135 :: 		
0x0182	0x8683      	BSF         LCD_D7, BitPos(LCD_D7+0) 
;__Lib_Lcd.c,136 :: 		
0x0184	0x8A83      	BSF         LCD_EN, BitPos(LCD_EN+0) 
;__Lib_Lcd.c,137 :: 		
0x0186	0xDF5A      	RCALL       _Delay_1us
;__Lib_Lcd.c,138 :: 		
0x0188	0x9A83      	BCF         LCD_EN, BitPos(LCD_EN+0) 
;__Lib_Lcd.c,139 :: 		
0x018A	0xDF4E      	RCALL       _Delay_5500us
;__Lib_Lcd.c,142 :: 		
0x018C	0x9683      	BCF         LCD_D7, BitPos(LCD_D7+0) 
;__Lib_Lcd.c,143 :: 		
0x018E	0x8083      	BSF         LCD_D4, BitPos(LCD_D4+0) 
;__Lib_Lcd.c,144 :: 		
0x0190	0x8A83      	BSF         LCD_EN, BitPos(LCD_EN+0) 
;__Lib_Lcd.c,145 :: 		
0x0192	0xDF54      	RCALL       _Delay_1us
;__Lib_Lcd.c,146 :: 		
0x0194	0x9A83      	BCF         LCD_EN, BitPos(LCD_EN+0) 
;__Lib_Lcd.c,148 :: 		
0x0196	0x9083      	BCF         LCD_D4, BitPos(LCD_D4+0) 
;__Lib_Lcd.c,149 :: 		
0x0198	0x8A83      	BSF         LCD_EN, BitPos(LCD_EN+0) 
;__Lib_Lcd.c,150 :: 		
0x019A	0xDF50      	RCALL       _Delay_1us
;__Lib_Lcd.c,151 :: 		
0x019C	0x9A83      	BCF         LCD_EN, BitPos(LCD_EN+0) 
;__Lib_Lcd.c,152 :: 		
0x019E	0xDF44      	RCALL       _Delay_5500us
;__Lib_Lcd.c,155 :: 		
0x01A0	0x8A83      	BSF         LCD_EN, BitPos(LCD_EN+0) 
;__Lib_Lcd.c,156 :: 		
0x01A2	0xDF4C      	RCALL       _Delay_1us
;__Lib_Lcd.c,157 :: 		
0x01A4	0x9A83      	BCF         LCD_EN, BitPos(LCD_EN+0) 
;__Lib_Lcd.c,159 :: 		
0x01A6	0x8083      	BSF         LCD_D4, BitPos(LCD_D4+0) 
;__Lib_Lcd.c,160 :: 		
0x01A8	0x8A83      	BSF         LCD_EN, BitPos(LCD_EN+0) 
;__Lib_Lcd.c,161 :: 		
0x01AA	0xDF48      	RCALL       _Delay_1us
;__Lib_Lcd.c,162 :: 		
0x01AC	0x9A83      	BCF         LCD_EN, BitPos(LCD_EN+0) 
;__Lib_Lcd.c,163 :: 		
0x01AE	0xDF3C      	RCALL       _Delay_5500us
;__Lib_Lcd.c,166 :: 		
0x01B0	0x9083      	BCF         LCD_D4, BitPos(LCD_D4+0) 
;__Lib_Lcd.c,167 :: 		
0x01B2	0x8A83      	BSF         LCD_EN, BitPos(LCD_EN+0) 
;__Lib_Lcd.c,168 :: 		
0x01B4	0xDF43      	RCALL       _Delay_1us
;__Lib_Lcd.c,169 :: 		
0x01B6	0x9A83      	BCF         LCD_EN, BitPos(LCD_EN+0) 
;__Lib_Lcd.c,171 :: 		
0x01B8	0x8683      	BSF         LCD_D7, BitPos(LCD_D7+0) 
;__Lib_Lcd.c,172 :: 		
0x01BA	0x8483      	BSF         LCD_D6, BitPos(LCD_D6+0) 
;__Lib_Lcd.c,173 :: 		
0x01BC	0x8283      	BSF         LCD_D5, BitPos(LCD_D5+0) 
;__Lib_Lcd.c,174 :: 		
0x01BE	0x8083      	BSF         LCD_D4, BitPos(LCD_D4+0) 
;__Lib_Lcd.c,175 :: 		
0x01C0	0x8A83      	BSF         LCD_EN, BitPos(LCD_EN+0) 
;__Lib_Lcd.c,176 :: 		
0x01C2	0xDF3C      	RCALL       _Delay_1us
;__Lib_Lcd.c,177 :: 		
0x01C4	0x9A83      	BCF         LCD_EN, BitPos(LCD_EN+0) 
;__Lib_Lcd.c,179 :: 		
0x01C6	0xDF30      	RCALL       _Delay_5500us
;__Lib_Lcd.c,181 :: 		
0x01C8	0x8053      	BSF         __Lib_Lcd_cmd_status, BitPos(__Lib_Lcd_cmd_status+0) 
;__Lib_Lcd.c,182 :: 		
L_end_Lcd_Init:
0x01CA	0x0012      	RETURN      0
; end of _Lcd_Init
_Lcd_Out:
;__Lib_Lcd.c,184 :: 		
;__Lib_Lcd.c,187 :: 		
0x01CC	0xD00F      	BRA         L_Lcd_Out11
;__Lib_Lcd.c,188 :: 		
L_Lcd_Out13:
0x01CE	0x0E80      	MOVLW       128
0x01D0	0x6E5C      	MOVWF       FARG_Lcd_Out_row 
0x01D2	0xD019      	BRA         L_Lcd_Out12
;__Lib_Lcd.c,189 :: 		
L_Lcd_Out14:
0x01D4	0x0EC0      	MOVLW       192
0x01D6	0x6E5C      	MOVWF       FARG_Lcd_Out_row 
0x01D8	0xD016      	BRA         L_Lcd_Out12
;__Lib_Lcd.c,190 :: 		
L_Lcd_Out15:
0x01DA	0x0E94      	MOVLW       148
0x01DC	0x6E5C      	MOVWF       FARG_Lcd_Out_row 
0x01DE	0xD013      	BRA         L_Lcd_Out12
;__Lib_Lcd.c,191 :: 		
L_Lcd_Out16:
0x01E0	0x0ED4      	MOVLW       212
0x01E2	0x6E5C      	MOVWF       FARG_Lcd_Out_row 
0x01E4	0xD010      	BRA         L_Lcd_Out12
;__Lib_Lcd.c,192 :: 		
L_Lcd_Out17:
0x01E6	0x0E80      	MOVLW       128
0x01E8	0x6E5C      	MOVWF       FARG_Lcd_Out_row 
;__Lib_Lcd.c,193 :: 		
0x01EA	0xD00D      	BRA         L_Lcd_Out12
L_Lcd_Out11:
0x01EC	0x505C      	MOVF        FARG_Lcd_Out_row, 0 
0x01EE	0x0A01      	XORLW       1
0x01F0	0xE0EE      	BZ          L_Lcd_Out13
0x01F2	0x505C      	MOVF        FARG_Lcd_Out_row, 0 
0x01F4	0x0A02      	XORLW       2
0x01F6	0xE0EE      	BZ          L_Lcd_Out14
0x01F8	0x505C      	MOVF        FARG_Lcd_Out_row, 0 
0x01FA	0x0A03      	XORLW       3
0x01FC	0xE0EE      	BZ          L_Lcd_Out15
0x01FE	0x505C      	MOVF        FARG_Lcd_Out_row, 0 
0x0200	0x0A04      	XORLW       4
0x0202	0xE0EE      	BZ          L_Lcd_Out16
0x0204	0xD7F0      	BRA         L_Lcd_Out17
L_Lcd_Out12:
;__Lib_Lcd.c,194 :: 		
0x0206	0x045D      	DECF        FARG_Lcd_Out_column, 0 
0x0208	0x6E00      	MOVWF       R0 
0x020A	0x505C      	MOVF        FARG_Lcd_Out_row, 0 
0x020C	0x2600      	ADDWF       R0, 1 
0x020E	0xF05CC000  	MOVFF       R0, FARG_Lcd_Out_row
;__Lib_Lcd.c,196 :: 		
0x0212	0xF062C000  	MOVFF       R0, FARG_Lcd_Cmd_out_char
0x0216	0xDF15      	RCALL       _Lcd_Cmd
;__Lib_Lcd.c,197 :: 		
0x0218	0x9053      	BCF         __Lib_Lcd_cmd_status, BitPos(__Lib_Lcd_cmd_status+0) 
;__Lib_Lcd.c,198 :: 		
0x021A	0x6A60      	CLRF        Lcd_Out_i_L0 
;__Lib_Lcd.c,199 :: 		
L_Lcd_Out18:
0x021C	0x5060      	MOVF        Lcd_Out_i_L0, 0 
0x021E	0x245E      	ADDWF       FARG_Lcd_Out_text, 0 
0x0220	0x6EE9      	MOVWF       FSR0L 
0x0222	0x0E00      	MOVLW       0
0x0224	0x205F      	ADDWFC      FARG_Lcd_Out_text+1, 0 
0x0226	0x6EEA      	MOVWF       FSR0H 
0x0228	0x52EE      	MOVF        POSTINC0, 1 
0x022A	0xE00B      	BZ          L_Lcd_Out19
;__Lib_Lcd.c,200 :: 		
0x022C	0x5060      	MOVF        Lcd_Out_i_L0, 0 
0x022E	0x245E      	ADDWF       FARG_Lcd_Out_text, 0 
0x0230	0x6EE9      	MOVWF       FSR0L 
0x0232	0x0E00      	MOVLW       0
0x0234	0x205F      	ADDWFC      FARG_Lcd_Out_text+1, 0 
0x0236	0x6EEA      	MOVWF       FSR0H 
0x0238	0xF061CFEE  	MOVFF       POSTINC0, FARG_Lcd_Chr_CP_out_char
0x023C	0xDF40      	RCALL       _Lcd_Chr_CP
0x023E	0x2A60      	INCF        Lcd_Out_i_L0, 1 
0x0240	0xD7ED      	BRA         L_Lcd_Out18
L_Lcd_Out19:
;__Lib_Lcd.c,201 :: 		
0x0242	0x8053      	BSF         __Lib_Lcd_cmd_status, BitPos(__Lib_Lcd_cmd_status+0) 
;__Lib_Lcd.c,202 :: 		
L_end_Lcd_Out:
0x0244	0x0012      	RETURN      0
; end of _Lcd_Out
_Div_32x32_U:
;__Lib_Math.c,1162 :: 		
;__Lib_Math.c,1173 :: 		
0x0246	0x6A0B      	CLRF        R11, 0
;__Lib_Math.c,1174 :: 		
0x0248	0x6A0A      	CLRF        R10, 0
;__Lib_Math.c,1175 :: 		
0x024A	0x6A09      	CLRF        R9, 0
;__Lib_Math.c,1176 :: 		
0x024C	0x6A08      	CLRF        R8, 0
;__Lib_Math.c,1178 :: 		
0x024E	0x6A0E      	CLRF        R14, 0
;__Lib_Math.c,1180 :: 		
0x0250	0x3403      	RLCF        R3, 0, 0
;__Lib_Math.c,1181 :: 		
0x0252	0x3608      	RLCF        R8, 1, 0
;__Lib_Math.c,1182 :: 		
0x0254	0x5004      	MOVF        R4, 0, 0
;__Lib_Math.c,1183 :: 		
0x0256	0x5E08      	SUBWF       R8, 1, 0
;__Lib_Math.c,1184 :: 		
0x0258	0x5005      	MOVF        R5, 0, 0
;__Lib_Math.c,1185 :: 		
0x025A	0xA0D8      	BTFSS       STATUS, 0, 0
;__Lib_Math.c,1186 :: 		
0x025C	0x3C05      	INCFSZ      R5, 0, 0
;__Lib_Math.c,1187 :: 		
0x025E	0x5E09      	SUBWF       R9, 1, 0
;__Lib_Math.c,1188 :: 		
0x0260	0x5006      	MOVF        R6, 0, 0
;__Lib_Math.c,1189 :: 		
0x0262	0xA0D8      	BTFSS       STATUS, 0, 0
;__Lib_Math.c,1190 :: 		
0x0264	0x3C06      	INCFSZ      R6, 0, 0
;__Lib_Math.c,1191 :: 		
0x0266	0x5E0A      	SUBWF       R10, 1, 0
;__Lib_Math.c,1192 :: 		
0x0268	0x5007      	MOVF        R7, 0, 0
;__Lib_Math.c,1193 :: 		
0x026A	0xA0D8      	BTFSS       STATUS, 0, 0
;__Lib_Math.c,1194 :: 		
0x026C	0x3C07      	INCFSZ      R7, 0, 0
;__Lib_Math.c,1195 :: 		
0x026E	0x5E0B      	SUBWF       R11, 1, 0
;__Lib_Math.c,1197 :: 		
0x0270	0x6AE8      	CLRF        WREG, 0
;__Lib_Math.c,1198 :: 		
0x0272	0xA0D8      	BTFSS       STATUS, 0, 0
;__Lib_Math.c,1199 :: 		
0x0274	0x0E01      	MOVLW       1
;__Lib_Math.c,1200 :: 		
0x0276	0x5E0E      	SUBWF       R14, 1, 0
;__Lib_Math.c,1201 :: 		
0x0278	0x3603      	RLCF        R3, 1, 0
;__Lib_Math.c,1203 :: 		
0x027A	0x0E07      	MOVLW       7
;__Lib_Math.c,1204 :: 		
0x027C	0x6E0C      	MOVWF       R12, 0
;__Lib_Math.c,1206 :: 		
LOOPU3232A:
;__Lib_Math.c,1207 :: 		
0x027E	0x3403      	RLCF        R3, 0, 0
;__Lib_Math.c,1208 :: 		
0x0280	0x3608      	RLCF        R8, 1, 0
;__Lib_Math.c,1209 :: 		
0x0282	0x3609      	RLCF        R9, 1, 0
;__Lib_Math.c,1210 :: 		
0x0284	0x360A      	RLCF        R10, 1, 0
;__Lib_Math.c,1211 :: 		
0x0286	0x360B      	RLCF        R11, 1, 0
;__Lib_Math.c,1212 :: 		
0x0288	0x360E      	RLCF        R14, 1, 0
;__Lib_Math.c,1213 :: 		
0x028A	0x5004      	MOVF        R4, 0, 0
;__Lib_Math.c,1214 :: 		
0x028C	0xA003      	BTFSS       R3, 0, 0
;__Lib_Math.c,1215 :: 		
0x028E	0xD012      	BRA         UADD22LA
;__Lib_Math.c,1217 :: 		
0x0290	0x5E08      	SUBWF       R8, 1, 0
;__Lib_Math.c,1218 :: 		
0x0292	0x5005      	MOVF        R5, 0, 0
;__Lib_Math.c,1219 :: 		
0x0294	0xA0D8      	BTFSS       STATUS, 0, 0
;__Lib_Math.c,1220 :: 		
0x0296	0x3C05      	INCFSZ      R5, 0, 0
;__Lib_Math.c,1221 :: 		
0x0298	0x5E09      	SUBWF       R9, 1, 0
;__Lib_Math.c,1222 :: 		
0x029A	0x5006      	MOVF        R6, 0, 0
;__Lib_Math.c,1223 :: 		
0x029C	0xA0D8      	BTFSS       STATUS, 0, 0
;__Lib_Math.c,1224 :: 		
0x029E	0x3C06      	INCFSZ      R6, 0, 0
;__Lib_Math.c,1225 :: 		
0x02A0	0x5E0A      	SUBWF       R10, 1, 0
;__Lib_Math.c,1226 :: 		
0x02A2	0x5007      	MOVF        R7, 0, 0
;__Lib_Math.c,1227 :: 		
0x02A4	0xA0D8      	BTFSS       STATUS, 0, 0
;__Lib_Math.c,1228 :: 		
0x02A6	0x3C07      	INCFSZ      R7, 0, 0
;__Lib_Math.c,1229 :: 		
0x02A8	0x5E0B      	SUBWF       R11, 1, 0
;__Lib_Math.c,1230 :: 		
0x02AA	0x6AE8      	CLRF        WREG, 0
;__Lib_Math.c,1231 :: 		
0x02AC	0xA0D8      	BTFSS       STATUS, 0, 0
;__Lib_Math.c,1232 :: 		
0x02AE	0x0E01      	MOVLW       1
;__Lib_Math.c,1233 :: 		
0x02B0	0x5E0E      	SUBWF       R14, 1, 0
;__Lib_Math.c,1234 :: 		
0x02B2	0xD011      	BRA         UOK22LA
;__Lib_Math.c,1236 :: 		
UADD22LA:
;__Lib_Math.c,1237 :: 		
0x02B4	0x2608      	ADDWF       R8, 1, 0
;__Lib_Math.c,1238 :: 		
0x02B6	0x5005      	MOVF        R5, 0, 0
;__Lib_Math.c,1239 :: 		
0x02B8	0xB0D8      	BTFSC       STATUS, 0, 0
;__Lib_Math.c,1240 :: 		
0x02BA	0x3C05      	INCFSZ      R5, 0, 0
;__Lib_Math.c,1241 :: 		
0x02BC	0x2609      	ADDWF       R9, 1, 0
;__Lib_Math.c,1242 :: 		
0x02BE	0x5006      	MOVF        R6, 0, 0
;__Lib_Math.c,1243 :: 		
0x02C0	0xB0D8      	BTFSC       STATUS, 0, 0
;__Lib_Math.c,1244 :: 		
0x02C2	0x3C06      	INCFSZ      R6, 0, 0
;__Lib_Math.c,1245 :: 		
0x02C4	0x260A      	ADDWF       R10, 1, 0
;__Lib_Math.c,1246 :: 		
0x02C6	0x5007      	MOVF        R7, 0, 0
;__Lib_Math.c,1247 :: 		
0x02C8	0xB0D8      	BTFSC       STATUS, 0, 0
;__Lib_Math.c,1248 :: 		
0x02CA	0x3C07      	INCFSZ      R7, 0, 0
;__Lib_Math.c,1249 :: 		
0x02CC	0x260B      	ADDWF       R11, 1, 0
;__Lib_Math.c,1250 :: 		
0x02CE	0x6AE8      	CLRF        WREG, 0
;__Lib_Math.c,1251 :: 		
0x02D0	0xB0D8      	BTFSC       STATUS, 0, 0
;__Lib_Math.c,1252 :: 		
0x02D2	0x0E01      	MOVLW       1
;__Lib_Math.c,1253 :: 		
0x02D4	0x260E      	ADDWF       R14, 1, 0
;__Lib_Math.c,1255 :: 		
UOK22LA:
;__Lib_Math.c,1256 :: 		
0x02D6	0x3603      	RLCF        R3, 1, 0
;__Lib_Math.c,1258 :: 		
0x02D8	0x2E0C      	DECFSZ      R12, 1, 0
;__Lib_Math.c,1259 :: 		
0x02DA	0xD7D1      	BRA         LOOPU3232A
;__Lib_Math.c,1261 :: 		
0x02DC	0x3402      	RLCF        R2, 0, 0
;__Lib_Math.c,1262 :: 		
0x02DE	0x3608      	RLCF        R8, 1, 0
;__Lib_Math.c,1263 :: 		
0x02E0	0x3609      	RLCF        R9, 1, 0
;__Lib_Math.c,1264 :: 		
0x02E2	0x360A      	RLCF        R10, 1, 0
;__Lib_Math.c,1265 :: 		
0x02E4	0x360B      	RLCF        R11, 1, 0
;__Lib_Math.c,1266 :: 		
0x02E6	0x360E      	RLCF        R14, 1, 0
;__Lib_Math.c,1267 :: 		
0x02E8	0x5004      	MOVF        R4, 0, 0
;__Lib_Math.c,1268 :: 		
0x02EA	0xA003      	BTFSS       R3, 0, 0
;__Lib_Math.c,1269 :: 		
0x02EC	0xD012      	BRA         UADD22L8
;__Lib_Math.c,1271 :: 		
0x02EE	0x5E08      	SUBWF       R8, 1, 0
;__Lib_Math.c,1272 :: 		
0x02F0	0x5005      	MOVF        R5, 0, 0
;__Lib_Math.c,1273 :: 		
0x02F2	0xA0D8      	BTFSS       STATUS, 0, 0
;__Lib_Math.c,1274 :: 		
0x02F4	0x3C05      	INCFSZ      R5, 0, 0
;__Lib_Math.c,1275 :: 		
0x02F6	0x5E09      	SUBWF       R9, 1, 0
;__Lib_Math.c,1276 :: 		
0x02F8	0x5006      	MOVF        R6, 0, 0
;__Lib_Math.c,1277 :: 		
0x02FA	0xA0D8      	BTFSS       STATUS, 0, 0
;__Lib_Math.c,1278 :: 		
0x02FC	0x3C06      	INCFSZ      R6, 0, 0
;__Lib_Math.c,1279 :: 		
0x02FE	0x5E0A      	SUBWF       R10, 1, 0
;__Lib_Math.c,1280 :: 		
0x0300	0x5007      	MOVF        R7, 0, 0
;__Lib_Math.c,1281 :: 		
0x0302	0xA0D8      	BTFSS       STATUS, 0, 0
;__Lib_Math.c,1282 :: 		
0x0304	0x3C07      	INCFSZ      R7, 0, 0
;__Lib_Math.c,1283 :: 		
0x0306	0x5E0B      	SUBWF       R11, 1, 0
;__Lib_Math.c,1284 :: 		
0x0308	0x6AE8      	CLRF        WREG, 0
;__Lib_Math.c,1285 :: 		
0x030A	0xA0D8      	BTFSS       STATUS, 0, 0
;__Lib_Math.c,1286 :: 		
0x030C	0x0E01      	MOVLW       1
;__Lib_Math.c,1287 :: 		
0x030E	0x5E0E      	SUBWF       R14, 1, 0
;__Lib_Math.c,1288 :: 		
0x0310	0xD011      	BRA         UOK22L8
;__Lib_Math.c,1290 :: 		
UADD22L8:
;__Lib_Math.c,1291 :: 		
0x0312	0x2608      	ADDWF       R8, 1, 0
;__Lib_Math.c,1292 :: 		
0x0314	0x5005      	MOVF        R5, 0, 0
;__Lib_Math.c,1293 :: 		
0x0316	0xB0D8      	BTFSC       STATUS, 0, 0
;__Lib_Math.c,1294 :: 		
0x0318	0x3C05      	INCFSZ      R5, 0, 0
;__Lib_Math.c,1295 :: 		
0x031A	0x2609      	ADDWF       R9, 1, 0
;__Lib_Math.c,1296 :: 		
0x031C	0x5006      	MOVF        R6, 0, 0
;__Lib_Math.c,1297 :: 		
0x031E	0xB0D8      	BTFSC       STATUS, 0, 0
;__Lib_Math.c,1298 :: 		
0x0320	0x3C06      	INCFSZ      R6, 0, 0
;__Lib_Math.c,1299 :: 		
0x0322	0x260A      	ADDWF       R10, 1, 0
;__Lib_Math.c,1300 :: 		
0x0324	0x5007      	MOVF        R7, 0, 0
;__Lib_Math.c,1301 :: 		
0x0326	0xB0D8      	BTFSC       STATUS, 0, 0
;__Lib_Math.c,1302 :: 		
0x0328	0x3C07      	INCFSZ      R7, 0, 0
;__Lib_Math.c,1303 :: 		
0x032A	0x260B      	ADDWF       R11, 1, 0
;__Lib_Math.c,1304 :: 		
0x032C	0x6AE8      	CLRF        WREG, 0
;__Lib_Math.c,1305 :: 		
0x032E	0xB0D8      	BTFSC       STATUS, 0, 0
;__Lib_Math.c,1306 :: 		
0x0330	0x0E01      	MOVLW       1
;__Lib_Math.c,1307 :: 		
0x0332	0x260E      	ADDWF       R14, 1, 0
;__Lib_Math.c,1309 :: 		
UOK22L8:
;__Lib_Math.c,1310 :: 		
0x0334	0x3602      	RLCF        R2, 1, 0
;__Lib_Math.c,1312 :: 		
0x0336	0x0E07      	MOVLW       7
;__Lib_Math.c,1313 :: 		
0x0338	0x6E0C      	MOVWF       R12, 0
;__Lib_Math.c,1315 :: 		
LOOPU3232B:
;__Lib_Math.c,1316 :: 		
0x033A	0x3402      	RLCF        R2, 0, 0
;__Lib_Math.c,1317 :: 		
0x033C	0x3608      	RLCF        R8, 1, 0
;__Lib_Math.c,1318 :: 		
0x033E	0x3609      	RLCF        R9, 1, 0
;__Lib_Math.c,1319 :: 		
0x0340	0x360A      	RLCF        R10, 1, 0
;__Lib_Math.c,1320 :: 		
0x0342	0x360B      	RLCF        R11, 1, 0
;__Lib_Math.c,1321 :: 		
0x0344	0x360E      	RLCF        R14, 1, 0
;__Lib_Math.c,1322 :: 		
0x0346	0x5004      	MOVF        R4, 0, 0
;__Lib_Math.c,1323 :: 		
0x0348	0xA002      	BTFSS       R2, 0, 0
;__Lib_Math.c,1324 :: 		
0x034A	0xD012      	BRA         UADD22LB
;__Lib_Math.c,1326 :: 		
0x034C	0x5E08      	SUBWF       R8, 1, 0
;__Lib_Math.c,1327 :: 		
0x034E	0x5005      	MOVF        R5, 0, 0
;__Lib_Math.c,1328 :: 		
0x0350	0xA0D8      	BTFSS       STATUS, 0, 0
;__Lib_Math.c,1329 :: 		
0x0352	0x3C05      	INCFSZ      R5, 0, 0
;__Lib_Math.c,1330 :: 		
0x0354	0x5E09      	SUBWF       R9, 1, 0
;__Lib_Math.c,1331 :: 		
0x0356	0x5006      	MOVF        R6, 0, 0
;__Lib_Math.c,1332 :: 		
0x0358	0xA0D8      	BTFSS       STATUS, 0, 0
;__Lib_Math.c,1333 :: 		
0x035A	0x3C06      	INCFSZ      R6, 0, 0
;__Lib_Math.c,1334 :: 		
0x035C	0x5E0A      	SUBWF       R10, 1, 0
;__Lib_Math.c,1335 :: 		
0x035E	0x5007      	MOVF        R7, 0, 0
;__Lib_Math.c,1336 :: 		
0x0360	0xA0D8      	BTFSS       STATUS, 0, 0
;__Lib_Math.c,1337 :: 		
0x0362	0x3C07      	INCFSZ      R7, 0, 0
;__Lib_Math.c,1338 :: 		
0x0364	0x5E0B      	SUBWF       R11, 1, 0
;__Lib_Math.c,1339 :: 		
0x0366	0x6AE8      	CLRF        WREG, 0
;__Lib_Math.c,1340 :: 		
0x0368	0xA0D8      	BTFSS       STATUS, 0, 0
;__Lib_Math.c,1341 :: 		
0x036A	0x0E01      	MOVLW       1
;__Lib_Math.c,1342 :: 		
0x036C	0x5E0E      	SUBWF       R14, 1, 0
;__Lib_Math.c,1343 :: 		
0x036E	0xD011      	BRA         UOK22LB
;__Lib_Math.c,1345 :: 		
UADD22LB:
;__Lib_Math.c,1346 :: 		
0x0370	0x2608      	ADDWF       R8, 1, 0
;__Lib_Math.c,1347 :: 		
0x0372	0x5005      	MOVF        R5, 0, 0
;__Lib_Math.c,1348 :: 		
0x0374	0xB0D8      	BTFSC       STATUS, 0, 0
;__Lib_Math.c,1349 :: 		
0x0376	0x3C05      	INCFSZ      R5, 0, 0
;__Lib_Math.c,1350 :: 		
0x0378	0x2609      	ADDWF       R9, 1, 0
;__Lib_Math.c,1351 :: 		
0x037A	0x5006      	MOVF        R6, 0, 0
;__Lib_Math.c,1352 :: 		
0x037C	0xB0D8      	BTFSC       STATUS, 0, 0
;__Lib_Math.c,1353 :: 		
0x037E	0x3C06      	INCFSZ      R6, 0, 0
;__Lib_Math.c,1354 :: 		
0x0380	0x260A      	ADDWF       R10, 1, 0
;__Lib_Math.c,1355 :: 		
0x0382	0x5007      	MOVF        R7, 0, 0
;__Lib_Math.c,1356 :: 		
0x0384	0xB0D8      	BTFSC       STATUS, 0, 0
;__Lib_Math.c,1357 :: 		
0x0386	0x3C07      	INCFSZ      R7, 0, 0
;__Lib_Math.c,1358 :: 		
0x0388	0x260B      	ADDWF       R11, 1, 0
;__Lib_Math.c,1359 :: 		
0x038A	0x6AE8      	CLRF        WREG, 0
;__Lib_Math.c,1360 :: 		
0x038C	0xB0D8      	BTFSC       STATUS, 0, 0
;__Lib_Math.c,1361 :: 		
0x038E	0x0E01      	MOVLW       1
;__Lib_Math.c,1362 :: 		
0x0390	0x260E      	ADDWF       R14, 1, 0
;__Lib_Math.c,1364 :: 		
UOK22LB:
;__Lib_Math.c,1365 :: 		
0x0392	0x3602      	RLCF        R2, 1, 0
;__Lib_Math.c,1367 :: 		
0x0394	0x2E0C      	DECFSZ      R12, 1, 0
;__Lib_Math.c,1368 :: 		
0x0396	0xD7D1      	BRA         LOOPU3232B
;__Lib_Math.c,1370 :: 		
0x0398	0x3401      	RLCF        R1, 0, 0
;__Lib_Math.c,1371 :: 		
0x039A	0x3608      	RLCF        R8, 1, 0
;__Lib_Math.c,1372 :: 		
0x039C	0x3609      	RLCF        R9, 1, 0
;__Lib_Math.c,1373 :: 		
0x039E	0x360A      	RLCF        R10, 1, 0
;__Lib_Math.c,1374 :: 		
0x03A0	0x360B      	RLCF        R11, 1, 0
;__Lib_Math.c,1375 :: 		
0x03A2	0x360E      	RLCF        R14, 1, 0
;__Lib_Math.c,1376 :: 		
0x03A4	0x5004      	MOVF        R4, 0, 0
;__Lib_Math.c,1377 :: 		
0x03A6	0xA002      	BTFSS       R2, 0, 0
;__Lib_Math.c,1378 :: 		
0x03A8	0xD012      	BRA         UADD22L16
;__Lib_Math.c,1380 :: 		
0x03AA	0x5E08      	SUBWF       R8, 1, 0
;__Lib_Math.c,1381 :: 		
0x03AC	0x5005      	MOVF        R5, 0, 0
;__Lib_Math.c,1382 :: 		
0x03AE	0xA0D8      	BTFSS       STATUS, 0, 0
;__Lib_Math.c,1383 :: 		
0x03B0	0x3C05      	INCFSZ      R5, 0, 0
;__Lib_Math.c,1384 :: 		
0x03B2	0x5E09      	SUBWF       R9, 1, 0
;__Lib_Math.c,1385 :: 		
0x03B4	0x5006      	MOVF        R6, 0, 0
;__Lib_Math.c,1386 :: 		
0x03B6	0xA0D8      	BTFSS       STATUS, 0, 0
;__Lib_Math.c,1387 :: 		
0x03B8	0x3C06      	INCFSZ      R6, 0, 0
;__Lib_Math.c,1388 :: 		
0x03BA	0x5E0A      	SUBWF       R10, 1, 0
;__Lib_Math.c,1389 :: 		
0x03BC	0x5007      	MOVF        R7, 0, 0
;__Lib_Math.c,1390 :: 		
0x03BE	0xA0D8      	BTFSS       STATUS, 0, 0
;__Lib_Math.c,1391 :: 		
0x03C0	0x3C07      	INCFSZ      R7, 0, 0
;__Lib_Math.c,1392 :: 		
0x03C2	0x5E0B      	SUBWF       R11, 1, 0
;__Lib_Math.c,1393 :: 		
0x03C4	0x6AE8      	CLRF        WREG, 0
;__Lib_Math.c,1394 :: 		
0x03C6	0xA0D8      	BTFSS       STATUS, 0, 0
;__Lib_Math.c,1395 :: 		
0x03C8	0x0E01      	MOVLW       1
;__Lib_Math.c,1396 :: 		
0x03CA	0x5E0E      	SUBWF       R14, 1, 0
;__Lib_Math.c,1397 :: 		
0x03CC	0xD011      	BRA         UOK22L16
;__Lib_Math.c,1399 :: 		
UADD22L16:
;__Lib_Math.c,1400 :: 		
0x03CE	0x2608      	ADDWF       R8, 1, 0
;__Lib_Math.c,1401 :: 		
0x03D0	0x5005      	MOVF        R5, 0, 0
;__Lib_Math.c,1402 :: 		
0x03D2	0xB0D8      	BTFSC       STATUS, 0, 0
;__Lib_Math.c,1403 :: 		
0x03D4	0x3C05      	INCFSZ      R5, 0, 0
;__Lib_Math.c,1404 :: 		
0x03D6	0x2609      	ADDWF       R9, 1, 0
;__Lib_Math.c,1405 :: 		
0x03D8	0x5006      	MOVF        R6, 0, 0
;__Lib_Math.c,1406 :: 		
0x03DA	0xB0D8      	BTFSC       STATUS, 0, 0
;__Lib_Math.c,1407 :: 		
0x03DC	0x3C06      	INCFSZ      R6, 0, 0
;__Lib_Math.c,1408 :: 		
0x03DE	0x260A      	ADDWF       R10, 1, 0
;__Lib_Math.c,1409 :: 		
0x03E0	0x5007      	MOVF        R7, 0, 0
;__Lib_Math.c,1410 :: 		
0x03E2	0xB0D8      	BTFSC       STATUS, 0, 0
;__Lib_Math.c,1411 :: 		
0x03E4	0x3C07      	INCFSZ      R7, 0, 0
;__Lib_Math.c,1412 :: 		
0x03E6	0x260B      	ADDWF       R11, 1, 0
;__Lib_Math.c,1413 :: 		
0x03E8	0x6AE8      	CLRF        WREG, 0
;__Lib_Math.c,1414 :: 		
0x03EA	0xB0D8      	BTFSC       STATUS, 0, 0
;__Lib_Math.c,1415 :: 		
0x03EC	0x0E01      	MOVLW       1
;__Lib_Math.c,1416 :: 		
0x03EE	0x260E      	ADDWF       R14, 1, 0
;__Lib_Math.c,1418 :: 		
UOK22L16:
;__Lib_Math.c,1419 :: 		
0x03F0	0x3601      	RLCF        R1, 1, 0
;__Lib_Math.c,1421 :: 		
0x03F2	0x0E07      	MOVLW       7
;__Lib_Math.c,1422 :: 		
0x03F4	0x6E0C      	MOVWF       R12, 0
;__Lib_Math.c,1424 :: 		
LOOPU3232C:
;__Lib_Math.c,1425 :: 		
0x03F6	0x3401      	RLCF        R1, 0, 0
;__Lib_Math.c,1426 :: 		
0x03F8	0x3608      	RLCF        R8, 1, 0
;__Lib_Math.c,1427 :: 		
0x03FA	0x3609      	RLCF        R9, 1, 0
;__Lib_Math.c,1428 :: 		
0x03FC	0x360A      	RLCF        R10, 1, 0
;__Lib_Math.c,1429 :: 		
0x03FE	0x360B      	RLCF        R11, 1, 0
;__Lib_Math.c,1430 :: 		
0x0400	0x360E      	RLCF        R14, 1, 0
;__Lib_Math.c,1431 :: 		
0x0402	0x5004      	MOVF        R4, 0, 0
;__Lib_Math.c,1432 :: 		
0x0404	0xA001      	BTFSS       R1, 0, 0
;__Lib_Math.c,1433 :: 		
0x0406	0xD012      	BRA         UADD22LC
;__Lib_Math.c,1435 :: 		
0x0408	0x5E08      	SUBWF       R8, 1, 0
;__Lib_Math.c,1436 :: 		
0x040A	0x5005      	MOVF        R5, 0, 0
;__Lib_Math.c,1437 :: 		
0x040C	0xA0D8      	BTFSS       STATUS, 0, 0
;__Lib_Math.c,1438 :: 		
0x040E	0x3C05      	INCFSZ      R5, 0, 0
;__Lib_Math.c,1439 :: 		
0x0410	0x5E09      	SUBWF       R9, 1, 0
;__Lib_Math.c,1440 :: 		
0x0412	0x5006      	MOVF        R6, 0, 0
;__Lib_Math.c,1441 :: 		
0x0414	0xA0D8      	BTFSS       STATUS, 0, 0
;__Lib_Math.c,1442 :: 		
0x0416	0x3C06      	INCFSZ      R6, 0, 0
;__Lib_Math.c,1443 :: 		
0x0418	0x5E0A      	SUBWF       R10, 1, 0
;__Lib_Math.c,1444 :: 		
0x041A	0x5007      	MOVF        R7, 0, 0
;__Lib_Math.c,1445 :: 		
0x041C	0xA0D8      	BTFSS       STATUS, 0, 0
;__Lib_Math.c,1446 :: 		
0x041E	0x3C07      	INCFSZ      R7, 0, 0
;__Lib_Math.c,1447 :: 		
0x0420	0x5E0B      	SUBWF       R11, 1, 0
;__Lib_Math.c,1448 :: 		
0x0422	0x6AE8      	CLRF        WREG, 0
;__Lib_Math.c,1449 :: 		
0x0424	0xA0D8      	BTFSS       STATUS, 0, 0
;__Lib_Math.c,1450 :: 		
0x0426	0x0E01      	MOVLW       1
;__Lib_Math.c,1451 :: 		
0x0428	0x5E0E      	SUBWF       R14, 1, 0
;__Lib_Math.c,1452 :: 		
0x042A	0xD011      	BRA         UOK22LC
;__Lib_Math.c,1454 :: 		
UADD22LC:
;__Lib_Math.c,1455 :: 		
0x042C	0x2608      	ADDWF       R8, 1, 0
;__Lib_Math.c,1456 :: 		
0x042E	0x5005      	MOVF        R5, 0, 0
;__Lib_Math.c,1457 :: 		
0x0430	0xB0D8      	BTFSC       STATUS, 0, 0
;__Lib_Math.c,1458 :: 		
0x0432	0x3C05      	INCFSZ      R5, 0, 0
;__Lib_Math.c,1459 :: 		
0x0434	0x2609      	ADDWF       R9, 1, 0
;__Lib_Math.c,1460 :: 		
0x0436	0x5006      	MOVF        R6, 0, 0
;__Lib_Math.c,1461 :: 		
0x0438	0xB0D8      	BTFSC       STATUS, 0, 0
;__Lib_Math.c,1462 :: 		
0x043A	0x3C06      	INCFSZ      R6, 0, 0
;__Lib_Math.c,1463 :: 		
0x043C	0x260A      	ADDWF       R10, 1, 0
;__Lib_Math.c,1464 :: 		
0x043E	0x5007      	MOVF        R7, 0, 0
;__Lib_Math.c,1465 :: 		
0x0440	0xB0D8      	BTFSC       STATUS, 0, 0
;__Lib_Math.c,1466 :: 		
0x0442	0x3C07      	INCFSZ      R7, 0, 0
;__Lib_Math.c,1467 :: 		
0x0444	0x260B      	ADDWF       R11, 1, 0
;__Lib_Math.c,1468 :: 		
0x0446	0x6AE8      	CLRF        WREG, 0
;__Lib_Math.c,1469 :: 		
0x0448	0xB0D8      	BTFSC       STATUS, 0, 0
;__Lib_Math.c,1470 :: 		
0x044A	0x0E01      	MOVLW       1
;__Lib_Math.c,1471 :: 		
0x044C	0x260E      	ADDWF       R14, 1, 0
;__Lib_Math.c,1473 :: 		
UOK22LC:
;__Lib_Math.c,1474 :: 		
0x044E	0x3601      	RLCF        R1, 1, 0
;__Lib_Math.c,1476 :: 		
0x0450	0x2E0C      	DECFSZ      R12, 1, 0
;__Lib_Math.c,1477 :: 		
0x0452	0xD7D1      	BRA         LOOPU3232C
;__Lib_Math.c,1479 :: 		
0x0454	0x3400      	RLCF        R0, 0, 0
;__Lib_Math.c,1480 :: 		
0x0456	0x3608      	RLCF        R8, 1, 0
;__Lib_Math.c,1481 :: 		
0x0458	0x3609      	RLCF        R9, 1, 0
;__Lib_Math.c,1482 :: 		
0x045A	0x360A      	RLCF        R10, 1, 0
;__Lib_Math.c,1483 :: 		
0x045C	0x360B      	RLCF        R11, 1, 0
;__Lib_Math.c,1484 :: 		
0x045E	0x360E      	RLCF        R14, 1, 0
;__Lib_Math.c,1485 :: 		
0x0460	0x5004      	MOVF        R4, 0, 0
;__Lib_Math.c,1486 :: 		
0x0462	0xA001      	BTFSS       R1, 0, 0
;__Lib_Math.c,1487 :: 		
0x0464	0xD012      	BRA         UADD22L24
;__Lib_Math.c,1489 :: 		
0x0466	0x5E08      	SUBWF       R8, 1, 0
;__Lib_Math.c,1490 :: 		
0x0468	0x5005      	MOVF        R5, 0, 0
;__Lib_Math.c,1491 :: 		
0x046A	0xA0D8      	BTFSS       STATUS, 0, 0
;__Lib_Math.c,1492 :: 		
0x046C	0x3C05      	INCFSZ      R5, 0, 0
;__Lib_Math.c,1493 :: 		
0x046E	0x5E09      	SUBWF       R9, 1, 0
;__Lib_Math.c,1494 :: 		
0x0470	0x5006      	MOVF        R6, 0, 0
;__Lib_Math.c,1495 :: 		
0x0472	0xA0D8      	BTFSS       STATUS, 0, 0
;__Lib_Math.c,1496 :: 		
0x0474	0x3C06      	INCFSZ      R6, 0, 0
;__Lib_Math.c,1497 :: 		
0x0476	0x5E0A      	SUBWF       R10, 1, 0
;__Lib_Math.c,1498 :: 		
0x0478	0x5007      	MOVF        R7, 0, 0
;__Lib_Math.c,1499 :: 		
0x047A	0xA0D8      	BTFSS       STATUS, 0, 0
;__Lib_Math.c,1500 :: 		
0x047C	0x3C07      	INCFSZ      R7, 0, 0
;__Lib_Math.c,1501 :: 		
0x047E	0x5E0B      	SUBWF       R11, 1, 0
;__Lib_Math.c,1502 :: 		
0x0480	0x6AE8      	CLRF        WREG, 0
;__Lib_Math.c,1503 :: 		
0x0482	0xA0D8      	BTFSS       STATUS, 0, 0
;__Lib_Math.c,1504 :: 		
0x0484	0x0E01      	MOVLW       1
;__Lib_Math.c,1505 :: 		
0x0486	0x5E0E      	SUBWF       R14, 1, 0
;__Lib_Math.c,1506 :: 		
0x0488	0xD011      	BRA         UOK22L24
;__Lib_Math.c,1508 :: 		
UADD22L24:
;__Lib_Math.c,1509 :: 		
0x048A	0x2608      	ADDWF       R8, 1, 0
;__Lib_Math.c,1510 :: 		
0x048C	0x5005      	MOVF        R5, 0, 0
;__Lib_Math.c,1511 :: 		
0x048E	0xB0D8      	BTFSC       STATUS, 0, 0
;__Lib_Math.c,1512 :: 		
0x0490	0x3C05      	INCFSZ      R5, 0, 0
;__Lib_Math.c,1513 :: 		
0x0492	0x2609      	ADDWF       R9, 1, 0
;__Lib_Math.c,1514 :: 		
0x0494	0x5006      	MOVF        R6, 0, 0
;__Lib_Math.c,1515 :: 		
0x0496	0xB0D8      	BTFSC       STATUS, 0, 0
;__Lib_Math.c,1516 :: 		
0x0498	0x3C06      	INCFSZ      R6, 0, 0
;__Lib_Math.c,1517 :: 		
0x049A	0x260A      	ADDWF       R10, 1, 0
;__Lib_Math.c,1518 :: 		
0x049C	0x5007      	MOVF        R7, 0, 0
;__Lib_Math.c,1519 :: 		
0x049E	0xB0D8      	BTFSC       STATUS, 0, 0
;__Lib_Math.c,1520 :: 		
0x04A0	0x3C07      	INCFSZ      R7, 0, 0
;__Lib_Math.c,1521 :: 		
0x04A2	0x260B      	ADDWF       R11, 1, 0
;__Lib_Math.c,1522 :: 		
0x04A4	0x6AE8      	CLRF        WREG, 0
;__Lib_Math.c,1523 :: 		
0x04A6	0xB0D8      	BTFSC       STATUS, 0, 0
;__Lib_Math.c,1524 :: 		
0x04A8	0x0E01      	MOVLW       1
;__Lib_Math.c,1525 :: 		
0x04AA	0x260E      	ADDWF       R14, 1, 0
;__Lib_Math.c,1527 :: 		
UOK22L24:
;__Lib_Math.c,1528 :: 		
0x04AC	0x3600      	RLCF        R0, 1, 0
;__Lib_Math.c,1530 :: 		
0x04AE	0x0E07      	MOVLW       7
;__Lib_Math.c,1531 :: 		
0x04B0	0x6E0C      	MOVWF       R12, 0
;__Lib_Math.c,1533 :: 		
LOOPU3232D:
;__Lib_Math.c,1534 :: 		
0x04B2	0x3400      	RLCF        R0, 0, 0
;__Lib_Math.c,1535 :: 		
0x04B4	0x3608      	RLCF        R8, 1, 0
;__Lib_Math.c,1536 :: 		
0x04B6	0x3609      	RLCF        R9, 1, 0
;__Lib_Math.c,1537 :: 		
0x04B8	0x360A      	RLCF        R10, 1, 0
;__Lib_Math.c,1538 :: 		
0x04BA	0x360B      	RLCF        R11, 1, 0
;__Lib_Math.c,1539 :: 		
0x04BC	0x360E      	RLCF        R14, 1, 0
;__Lib_Math.c,1540 :: 		
0x04BE	0x5004      	MOVF        R4, 0, 0
;__Lib_Math.c,1541 :: 		
0x04C0	0xA000      	BTFSS       R0, 0, 0
;__Lib_Math.c,1542 :: 		
0x04C2	0xD012      	BRA         UADD22LD
;__Lib_Math.c,1544 :: 		
0x04C4	0x5E08      	SUBWF       R8, 1, 0
;__Lib_Math.c,1545 :: 		
0x04C6	0x5005      	MOVF        R5, 0, 0
;__Lib_Math.c,1546 :: 		
0x04C8	0xA0D8      	BTFSS       STATUS, 0, 0
;__Lib_Math.c,1547 :: 		
0x04CA	0x3C05      	INCFSZ      R5, 0, 0
;__Lib_Math.c,1548 :: 		
0x04CC	0x5E09      	SUBWF       R9, 1, 0
;__Lib_Math.c,1549 :: 		
0x04CE	0x5006      	MOVF        R6, 0, 0
;__Lib_Math.c,1550 :: 		
0x04D0	0xA0D8      	BTFSS       STATUS, 0, 0
;__Lib_Math.c,1551 :: 		
0x04D2	0x3C06      	INCFSZ      R6, 0, 0
;__Lib_Math.c,1552 :: 		
0x04D4	0x5E0A      	SUBWF       R10, 1, 0
;__Lib_Math.c,1553 :: 		
0x04D6	0x5007      	MOVF        R7, 0, 0
;__Lib_Math.c,1554 :: 		
0x04D8	0xA0D8      	BTFSS       STATUS, 0, 0
;__Lib_Math.c,1555 :: 		
0x04DA	0x3C07      	INCFSZ      R7, 0, 0
;__Lib_Math.c,1556 :: 		
0x04DC	0x5E0B      	SUBWF       R11, 1, 0
;__Lib_Math.c,1557 :: 		
0x04DE	0x6AE8      	CLRF        WREG, 0
;__Lib_Math.c,1558 :: 		
0x04E0	0xA0D8      	BTFSS       STATUS, 0, 0
;__Lib_Math.c,1559 :: 		
0x04E2	0x0E01      	MOVLW       1
;__Lib_Math.c,1560 :: 		
0x04E4	0x5E0E      	SUBWF       R14, 1, 0
;__Lib_Math.c,1561 :: 		
0x04E6	0xD011      	BRA         UOK22LD
;__Lib_Math.c,1563 :: 		
UADD22LD:
;__Lib_Math.c,1564 :: 		
0x04E8	0x2608      	ADDWF       R8, 1, 0
;__Lib_Math.c,1565 :: 		
0x04EA	0x5005      	MOVF        R5, 0, 0
;__Lib_Math.c,1566 :: 		
0x04EC	0xB0D8      	BTFSC       STATUS, 0, 0
;__Lib_Math.c,1567 :: 		
0x04EE	0x3C05      	INCFSZ      R5, 0, 0
;__Lib_Math.c,1568 :: 		
0x04F0	0x2609      	ADDWF       R9, 1, 0
;__Lib_Math.c,1569 :: 		
0x04F2	0x5006      	MOVF        R6, 0, 0
;__Lib_Math.c,1570 :: 		
0x04F4	0xB0D8      	BTFSC       STATUS, 0, 0
;__Lib_Math.c,1571 :: 		
0x04F6	0x3C06      	INCFSZ      R6, 0, 0
;__Lib_Math.c,1572 :: 		
0x04F8	0x260A      	ADDWF       R10, 1, 0
;__Lib_Math.c,1573 :: 		
0x04FA	0x5007      	MOVF        R7, 0, 0
;__Lib_Math.c,1574 :: 		
0x04FC	0xB0D8      	BTFSC       STATUS, 0, 0
;__Lib_Math.c,1575 :: 		
0x04FE	0x3C07      	INCFSZ      R7, 0, 0
;__Lib_Math.c,1576 :: 		
0x0500	0x260B      	ADDWF       R11, 1, 0
;__Lib_Math.c,1577 :: 		
0x0502	0x6AE8      	CLRF        WREG, 0
;__Lib_Math.c,1578 :: 		
0x0504	0xB0D8      	BTFSC       STATUS, 0, 0
;__Lib_Math.c,1579 :: 		
0x0506	0x0E01      	MOVLW       1
;__Lib_Math.c,1580 :: 		
0x0508	0x260E      	ADDWF       R14, 1, 0
;__Lib_Math.c,1582 :: 		
UOK22LD:
;__Lib_Math.c,1583 :: 		
0x050A	0x3600      	RLCF        R0, 1, 0
;__Lib_Math.c,1585 :: 		
0x050C	0x2E0C      	DECFSZ      R12, 1, 0
;__Lib_Math.c,1586 :: 		
0x050E	0xD7D1      	BRA         LOOPU3232D
;__Lib_Math.c,1588 :: 		
0x0510	0xB000      	BTFSC       R0, 0, 0
;__Lib_Math.c,1589 :: 		
0x0512	0xD00E      	BRA         UOK22L
;__Lib_Math.c,1590 :: 		
0x0514	0x5004      	MOVF        R4, 0, 0
;__Lib_Math.c,1591 :: 		
0x0516	0x2608      	ADDWF       R8, 1, 0
;__Lib_Math.c,1592 :: 		
0x0518	0x5005      	MOVF        R5, 0, 0
;__Lib_Math.c,1593 :: 		
0x051A	0xB0D8      	BTFSC       STATUS, 0, 0
;__Lib_Math.c,1594 :: 		
0x051C	0x3C05      	INCFSZ      R5, 0, 0
;__Lib_Math.c,1595 :: 		
0x051E	0x2609      	ADDWF       R9, 1, 0
;__Lib_Math.c,1596 :: 		
0x0520	0x5006      	MOVF        R6, 0, 0
;__Lib_Math.c,1597 :: 		
0x0522	0xB0D8      	BTFSC       STATUS, 0, 0
;__Lib_Math.c,1598 :: 		
0x0524	0x3C06      	INCFSZ      R6, 0, 0
;__Lib_Math.c,1599 :: 		
0x0526	0x260A      	ADDWF       R10, 1, 0
;__Lib_Math.c,1600 :: 		
0x0528	0x5007      	MOVF        R7, 0, 0
;__Lib_Math.c,1601 :: 		
0x052A	0xB0D8      	BTFSC       STATUS, 0, 0
;__Lib_Math.c,1602 :: 		
0x052C	0x3C07      	INCFSZ      R7, 0, 0
;__Lib_Math.c,1603 :: 		
0x052E	0x260B      	ADDWF       R11, 1, 0
;__Lib_Math.c,1605 :: 		
UOK22L:
;__Lib_Math.c,1607 :: 		
L_end_Div_32x32_U:
0x0530	0x0012      	RETURN      0
; end of _Div_32x32_U
_ADC_Read:
;__Lib_ADC_A_D.c,35 :: 		
;__Lib_ADC_A_D.c,38 :: 		
0x0532	0x6AC2      	CLRF        ADCON0 
;__Lib_ADC_A_D.c,39 :: 		
0x0534	0x0E07      	MOVLW       7
0x0536	0x12C0      	IORWF       ADCON2, 1 
;__Lib_ADC_A_D.c,40 :: 		
0x0538	0x8EC0      	BSF         ADCON2, 7 
;__Lib_ADC_A_D.c,41 :: 		
0x053A	0xF000C05C  	MOVFF       FARG_ADC_Read_channel, R0
0x053E	0x3600      	RLCF        R0, 1 
0x0540	0x9000      	BCF         R0, 0 
0x0542	0x3600      	RLCF        R0, 1 
0x0544	0x9000      	BCF         R0, 0 
0x0546	0x5000      	MOVF        R0, 0 
0x0548	0x12C2      	IORWF       ADCON0, 1 
;__Lib_ADC_A_D.c,42 :: 		
0x054A	0x80C2      	BSF         ADCON0, 0 
;__Lib_ADC_A_D.c,43 :: 		
0x054C	0xDDBE      	RCALL       _Delay_22us
;__Lib_ADC_A_D.c,44 :: 		
0x054E	0x82C2      	BSF         ADCON0, 1 
;__Lib_ADC_A_D.c,45 :: 		
L_ADC_Read2:
0x0550	0xA2C2      	BTFSS       ADCON0, 1 
0x0552	0xD001      	BRA         L_ADC_Read3
;__Lib_ADC_A_D.c,46 :: 		
0x0554	0xD7FD      	BRA         L_ADC_Read2
L_ADC_Read3:
;__Lib_ADC_A_D.c,47 :: 		
0x0556	0xF001CFC4  	MOVFF       ADRESH, R1
0x055A	0x6A00      	CLRF        R0 
;__Lib_ADC_A_D.c,48 :: 		
0x055C	0x50C3      	MOVF        ADRESL, 0 
0x055E	0x1200      	IORWF       R0, 1 
0x0560	0x0E00      	MOVLW       0
0x0562	0x1201      	IORWF       R1, 1 
;__Lib_ADC_A_D.c,49 :: 		
0x0564	0x90C2      	BCF         ADCON0, 0 
;__Lib_ADC_A_D.c,51 :: 		
;__Lib_ADC_A_D.c,52 :: 		
L_end_ADC_Read:
0x0566	0x0012      	RETURN      0
; end of _ADC_Read
_main:
0x0568	0xF003ECCF  	CALL        1950, 0
;MyProject.c,26 :: 		void main() {
;MyProject.c,29 :: 		TRISA=0xFF;
0x056C	0x0EFF      	MOVLW       255
0x056E	0x6E92      	MOVWF       TRISA 
;MyProject.c,32 :: 		ADCON0=0x01;
0x0570	0x0E01      	MOVLW       1
0x0572	0x6EC2      	MOVWF       ADCON0 
;MyProject.c,33 :: 		ADCON1=0x0E;
0x0574	0x0E0E      	MOVLW       14
0x0576	0x6EC1      	MOVWF       ADCON1 
;MyProject.c,37 :: 		Lcd_Init();                        // Initialize LCD
0x0578	0xDDDE      	RCALL       _Lcd_Init
;MyProject.c,39 :: 		Lcd_Cmd(_LCD_CLEAR);               // Clear display
0x057A	0x0E01      	MOVLW       1
0x057C	0x6E62      	MOVWF       FARG_Lcd_Cmd_out_char 
0x057E	0xDD61      	RCALL       _Lcd_Cmd
;MyProject.c,40 :: 		Lcd_Cmd(_LCD_CURSOR_OFF);          // Cursor off
0x0580	0x0E0C      	MOVLW       12
0x0582	0x6E62      	MOVWF       FARG_Lcd_Cmd_out_char 
0x0584	0xDD5E      	RCALL       _Lcd_Cmd
;MyProject.c,41 :: 		LCD_Out(1,3,"PROJECT NAME");
0x0586	0x0E01      	MOVLW       1
0x0588	0x6E5C      	MOVWF       FARG_Lcd_Out_row 
0x058A	0x0E03      	MOVLW       3
0x058C	0x6E5D      	MOVWF       FARG_Lcd_Out_column 
0x058E	0x0E29      	MOVLW       ?lstr1_MyProject
0x0590	0x6E5E      	MOVWF       FARG_Lcd_Out_text 
0x0592	0x0E00      	MOVLW       hi_addr(?lstr1_MyProject)
0x0594	0x6E5F      	MOVWF       FARG_Lcd_Out_text+1 
0x0596	0xDE1A      	RCALL       _Lcd_Out
;MyProject.c,42 :: 		LCD_Out(2,5,"--LVDT--");
0x0598	0x0E02      	MOVLW       2
0x059A	0x6E5C      	MOVWF       FARG_Lcd_Out_row 
0x059C	0x0E05      	MOVLW       5
0x059E	0x6E5D      	MOVWF       FARG_Lcd_Out_column 
0x05A0	0x0E36      	MOVLW       ?lstr2_MyProject
0x05A2	0x6E5E      	MOVWF       FARG_Lcd_Out_text 
0x05A4	0x0E00      	MOVLW       hi_addr(?lstr2_MyProject)
0x05A6	0x6E5F      	MOVWF       FARG_Lcd_Out_text+1 
0x05A8	0xDE11      	RCALL       _Lcd_Out
;MyProject.c,43 :: 		Delay_ms(2000);
0x05AA	0x0E1A      	MOVLW       26
0x05AC	0x6E0B      	MOVWF       R11, 0
0x05AE	0x0E5E      	MOVLW       94
0x05B0	0x6E0C      	MOVWF       R12, 0
0x05B2	0x0E6E      	MOVLW       110
0x05B4	0x6E0D      	MOVWF       R13, 0
L_main0:
0x05B6	0x2E0D      	DECFSZ      R13, 1, 0
0x05B8	0xD7FE      	BRA         L_main0
0x05BA	0x2E0C      	DECFSZ      R12, 1, 0
0x05BC	0xD7FC      	BRA         L_main0
0x05BE	0x2E0B      	DECFSZ      R11, 1, 0
0x05C0	0xD7FA      	BRA         L_main0
0x05C2	0x0000      	NOP
;MyProject.c,44 :: 		Lcd_Cmd(_LCD_CLEAR);
0x05C4	0x0E01      	MOVLW       1
0x05C6	0x6E62      	MOVWF       FARG_Lcd_Cmd_out_char 
0x05C8	0xDD3C      	RCALL       _Lcd_Cmd
;MyProject.c,45 :: 		LCD_Out(1,8,"BY");
0x05CA	0x0E01      	MOVLW       1
0x05CC	0x6E5C      	MOVWF       FARG_Lcd_Out_row 
0x05CE	0x0E08      	MOVLW       8
0x05D0	0x6E5D      	MOVWF       FARG_Lcd_Out_column 
0x05D2	0x0E15      	MOVLW       ?lstr3_MyProject
0x05D4	0x6E5E      	MOVWF       FARG_Lcd_Out_text 
0x05D6	0x0E00      	MOVLW       hi_addr(?lstr3_MyProject)
0x05D8	0x6E5F      	MOVWF       FARG_Lcd_Out_text+1 
0x05DA	0xDDF8      	RCALL       _Lcd_Out
;MyProject.c,46 :: 		LCD_Out(2,1,"3119  3122  3123");
0x05DC	0x0E02      	MOVLW       2
0x05DE	0x6E5C      	MOVWF       FARG_Lcd_Out_row 
0x05E0	0x0E01      	MOVLW       1
0x05E2	0x6E5D      	MOVWF       FARG_Lcd_Out_column 
0x05E4	0x0E18      	MOVLW       ?lstr4_MyProject
0x05E6	0x6E5E      	MOVWF       FARG_Lcd_Out_text 
0x05E8	0x0E00      	MOVLW       hi_addr(?lstr4_MyProject)
0x05EA	0x6E5F      	MOVWF       FARG_Lcd_Out_text+1 
0x05EC	0xDDEF      	RCALL       _Lcd_Out
;MyProject.c,47 :: 		Delay_ms(2000);
0x05EE	0x0E1A      	MOVLW       26
0x05F0	0x6E0B      	MOVWF       R11, 0
0x05F2	0x0E5E      	MOVLW       94
0x05F4	0x6E0C      	MOVWF       R12, 0
0x05F6	0x0E6E      	MOVLW       110
0x05F8	0x6E0D      	MOVWF       R13, 0
L_main1:
0x05FA	0x2E0D      	DECFSZ      R13, 1, 0
0x05FC	0xD7FE      	BRA         L_main1
0x05FE	0x2E0C      	DECFSZ      R12, 1, 0
0x0600	0xD7FC      	BRA         L_main1
0x0602	0x2E0B      	DECFSZ      R11, 1, 0
0x0604	0xD7FA      	BRA         L_main1
0x0606	0x0000      	NOP
;MyProject.c,49 :: 		do {
L_main2:
;MyProject.c,50 :: 		temp = ADC_Read(0);   // Get 10-bit results of AD conversion
0x0608	0x6A5C      	CLRF        FARG_ADC_Read_channel 
0x060A	0xDF93      	RCALL       _ADC_Read
0x060C	0xF054C000  	MOVFF       R0, _temp
0x0610	0xF055C001  	MOVFF       R1, _temp+1
0x0614	0x0E00      	MOVLW       0
0x0616	0x6E56      	MOVWF       _temp+2 
0x0618	0x6E57      	MOVWF       _temp+3 
;MyProject.c,51 :: 		temp=temp*5000/1023;   //Convert ADC value to mV
0x061A	0xF000C054  	MOVFF       _temp, R0
0x061E	0xF001C055  	MOVFF       _temp+1, R1
0x0622	0xF002C056  	MOVFF       _temp+2, R2
0x0626	0xF003C057  	MOVFF       _temp+3, R3
0x062A	0x0E88      	MOVLW       136
0x062C	0x6E04      	MOVWF       R4 
0x062E	0x0E13      	MOVLW       19
0x0630	0x6E05      	MOVWF       R5 
0x0632	0x0E00      	MOVLW       0
0x0634	0x6E06      	MOVWF       R6 
0x0636	0x6E07      	MOVWF       R7 
0x0638	0xDD4D      	RCALL       _Mul_32x32_U
0x063A	0x0EFF      	MOVLW       255
0x063C	0x6E04      	MOVWF       R4 
0x063E	0x0E03      	MOVLW       3
0x0640	0x6E05      	MOVWF       R5 
0x0642	0x0E00      	MOVLW       0
0x0644	0x6E06      	MOVWF       R6 
0x0646	0x6E07      	MOVWF       R7 
0x0648	0xDDFE      	RCALL       _Div_32x32_U
0x064A	0xF054C000  	MOVFF       R0, _temp
0x064E	0xF055C001  	MOVFF       R1, _temp+1
0x0652	0xF056C002  	MOVFF       R2, _temp+2
0x0656	0xF057C003  	MOVFF       R3, _temp+3
;MyProject.c,55 :: 		digit[0]=(temp/1000)+48;
0x065A	0x0EE8      	MOVLW       232
0x065C	0x6E04      	MOVWF       R4 
0x065E	0x0E03      	MOVLW       3
0x0660	0x6E05      	MOVWF       R5 
0x0662	0x0E00      	MOVLW       0
0x0664	0x6E06      	MOVWF       R6 
0x0666	0x6E07      	MOVWF       R7 
0x0668	0xDDEE      	RCALL       _Div_32x32_U
0x066A	0x0E30      	MOVLW       48
0x066C	0x2400      	ADDWF       R0, 0 
0x066E	0x6E4C      	MOVWF       _digit 
;MyProject.c,56 :: 		digit[2]=((temp%1000)/100)+48;
0x0670	0x0EE8      	MOVLW       232
0x0672	0x6E04      	MOVWF       R4 
0x0674	0x0E03      	MOVLW       3
0x0676	0x6E05      	MOVWF       R5 
0x0678	0x0E00      	MOVLW       0
0x067A	0x6E06      	MOVWF       R6 
0x067C	0x6E07      	MOVWF       R7 
0x067E	0xF000C054  	MOVFF       _temp, R0
0x0682	0xF001C055  	MOVFF       _temp+1, R1
0x0686	0xF002C056  	MOVFF       _temp+2, R2
0x068A	0xF003C057  	MOVFF       _temp+3, R3
0x068E	0xDDDB      	RCALL       _Div_32x32_U
0x0690	0xF000C008  	MOVFF       R8, R0
0x0694	0xF001C009  	MOVFF       R9, R1
0x0698	0xF002C00A  	MOVFF       R10, R2
0x069C	0xF003C00B  	MOVFF       R11, R3
0x06A0	0xF058C000  	MOVFF       R0, FLOC__main
0x06A4	0xF059C001  	MOVFF       R1, FLOC__main+1
0x06A8	0xF05AC002  	MOVFF       R2, FLOC__main+2
0x06AC	0xF05BC003  	MOVFF       R3, FLOC__main+3
0x06B0	0x0E64      	MOVLW       100
0x06B2	0x6E04      	MOVWF       R4 
0x06B4	0x0E00      	MOVLW       0
0x06B6	0x6E05      	MOVWF       R5 
0x06B8	0x6E06      	MOVWF       R6 
0x06BA	0x6E07      	MOVWF       R7 
0x06BC	0xF000C058  	MOVFF       FLOC__main, R0
0x06C0	0xF001C059  	MOVFF       FLOC__main+1, R1
0x06C4	0xF002C05A  	MOVFF       FLOC__main+2, R2
0x06C8	0xF003C05B  	MOVFF       FLOC__main+3, R3
0x06CC	0xDDBC      	RCALL       _Div_32x32_U
0x06CE	0x0E30      	MOVLW       48
0x06D0	0x2400      	ADDWF       R0, 0 
0x06D2	0x6E4E      	MOVWF       _digit+2 
;MyProject.c,57 :: 		digit[3]=(((temp%1000)%100)/10)+48;
0x06D4	0x0E64      	MOVLW       100
0x06D6	0x6E04      	MOVWF       R4 
0x06D8	0x0E00      	MOVLW       0
0x06DA	0x6E05      	MOVWF       R5 
0x06DC	0x6E06      	MOVWF       R6 
0x06DE	0x6E07      	MOVWF       R7 
0x06E0	0xF000C058  	MOVFF       FLOC__main, R0
0x06E4	0xF001C059  	MOVFF       FLOC__main+1, R1
0x06E8	0xF002C05A  	MOVFF       FLOC__main+2, R2
0x06EC	0xF003C05B  	MOVFF       FLOC__main+3, R3
0x06F0	0xDDAA      	RCALL       _Div_32x32_U
0x06F2	0xF000C008  	MOVFF       R8, R0
0x06F6	0xF001C009  	MOVFF       R9, R1
0x06FA	0xF002C00A  	MOVFF       R10, R2
0x06FE	0xF003C00B  	MOVFF       R11, R3
0x0702	0x0E0A      	MOVLW       10
0x0704	0x6E04      	MOVWF       R4 
0x0706	0x0E00      	MOVLW       0
0x0708	0x6E05      	MOVWF       R5 
0x070A	0x6E06      	MOVWF       R6 
0x070C	0x6E07      	MOVWF       R7 
0x070E	0xDD9B      	RCALL       _Div_32x32_U
0x0710	0x0E30      	MOVLW       48
0x0712	0x2400      	ADDWF       R0, 0 
0x0714	0x6E4F      	MOVWF       _digit+3 
;MyProject.c,60 :: 		LCD_Cmd(_LCD_CLEAR);
0x0716	0x0E01      	MOVLW       1
0x0718	0x6E62      	MOVWF       FARG_Lcd_Cmd_out_char 
0x071A	0xDC93      	RCALL       _Lcd_Cmd
;MyProject.c,61 :: 		LCD_Out(1,3,"DISPLACEMENT");
0x071C	0x0E01      	MOVLW       1
0x071E	0x6E5C      	MOVWF       FARG_Lcd_Out_row 
0x0720	0x0E03      	MOVLW       3
0x0722	0x6E5D      	MOVWF       FARG_Lcd_Out_column 
0x0724	0x0E3F      	MOVLW       ?lstr5_MyProject
0x0726	0x6E5E      	MOVWF       FARG_Lcd_Out_text 
0x0728	0x0E00      	MOVLW       hi_addr(?lstr5_MyProject)
0x072A	0x6E5F      	MOVWF       FARG_Lcd_Out_text+1 
0x072C	0xDD4F      	RCALL       _Lcd_Out
;MyProject.c,62 :: 		LCD_Out(2,5,digit);
0x072E	0x0E02      	MOVLW       2
0x0730	0x6E5C      	MOVWF       FARG_Lcd_Out_row 
0x0732	0x0E05      	MOVLW       5
0x0734	0x6E5D      	MOVWF       FARG_Lcd_Out_column 
0x0736	0x0E4C      	MOVLW       _digit
0x0738	0x6E5E      	MOVWF       FARG_Lcd_Out_text 
0x073A	0x0E00      	MOVLW       hi_addr(_digit)
0x073C	0x6E5F      	MOVWF       FARG_Lcd_Out_text+1 
0x073E	0xDD46      	RCALL       _Lcd_Out
;MyProject.c,65 :: 		Delay_ms(500);
0x0740	0x0E07      	MOVLW       7
0x0742	0x6E0B      	MOVWF       R11, 0
0x0744	0x0E58      	MOVLW       88
0x0746	0x6E0C      	MOVWF       R12, 0
0x0748	0x0E59      	MOVLW       89
0x074A	0x6E0D      	MOVWF       R13, 0
L_main5:
0x074C	0x2E0D      	DECFSZ      R13, 1, 0
0x074E	0xD7FE      	BRA         L_main5
0x0750	0x2E0C      	DECFSZ      R12, 1, 0
0x0752	0xD7FC      	BRA         L_main5
0x0754	0x2E0B      	DECFSZ      R11, 1, 0
0x0756	0xD7FA      	BRA         L_main5
0x0758	0x0000      	NOP
0x075A	0x0000      	NOP
;MyProject.c,67 :: 		} while(1);
0x075C	0xD755      	BRA         L_main2
;MyProject.c,68 :: 		}
L_end_main:
0x075E	0xD7FF      	BRA         $+0
; end of _main
0x079E	0xF015EE10  	LFSR        1, 21
0x07A2	0x0E3E      	MOVLW       62
0x07A4	0x6E00      	MOVWF       R0 
0x07A6	0x0E01      	MOVLW       1
0x07A8	0x6E01      	MOVWF       R1 
0x07AA	0x0E60      	MOVLW       96
0x07AC	0x6EF6      	MOVWF       4086 
0x07AE	0x0E07      	MOVLW       7
0x07B0	0x6EF7      	MOVWF       TBLPTRH 
0x07B2	0x0E00      	MOVLW       0
0x07B4	0x6EF8      	MOVWF       TBLPTRU 
0x07B6	0xF000EC93  	CALL        294, 0
0x07BA	0x0012      	RETURN      0
;MyProject.c,0 :: ?ICS?lstr3_MyProject
0x0760	0x5942 ;?ICS?lstr3_MyProject+0
0x0762	0x00 ;?ICS?lstr3_MyProject+2
; end of ?ICS?lstr3_MyProject
;MyProject.c,0 :: ?ICS?lstr4_MyProject
0x0763	0x3133 ;?ICS?lstr4_MyProject+0
0x0765	0x3931 ;?ICS?lstr4_MyProject+2
0x0767	0x2020 ;?ICS?lstr4_MyProject+4
0x0769	0x3133 ;?ICS?lstr4_MyProject+6
0x076B	0x3232 ;?ICS?lstr4_MyProject+8
0x076D	0x2020 ;?ICS?lstr4_MyProject+10
0x076F	0x3133 ;?ICS?lstr4_MyProject+12
0x0771	0x3332 ;?ICS?lstr4_MyProject+14
0x0773	0x00 ;?ICS?lstr4_MyProject+16
; end of ?ICS?lstr4_MyProject
;MyProject.c,0 :: ?ICS?lstr1_MyProject
0x0774	0x5250 ;?ICS?lstr1_MyProject+0
0x0776	0x4A4F ;?ICS?lstr1_MyProject+2
0x0778	0x4345 ;?ICS?lstr1_MyProject+4
0x077A	0x2054 ;?ICS?lstr1_MyProject+6
0x077C	0x414E ;?ICS?lstr1_MyProject+8
0x077E	0x454D ;?ICS?lstr1_MyProject+10
0x0780	0x00 ;?ICS?lstr1_MyProject+12
; end of ?ICS?lstr1_MyProject
;MyProject.c,0 :: ?ICS?lstr2_MyProject
0x0781	0x2D2D ;?ICS?lstr2_MyProject+0
0x0783	0x564C ;?ICS?lstr2_MyProject+2
0x0785	0x5444 ;?ICS?lstr2_MyProject+4
0x0787	0x2D2D ;?ICS?lstr2_MyProject+6
0x0789	0x00 ;?ICS?lstr2_MyProject+8
; end of ?ICS?lstr2_MyProject
;MyProject.c,0 :: ?ICS?lstr5_MyProject
0x078A	0x4944 ;?ICS?lstr5_MyProject+0
0x078C	0x5053 ;?ICS?lstr5_MyProject+2
0x078E	0x414C ;?ICS?lstr5_MyProject+4
0x0790	0x4543 ;?ICS?lstr5_MyProject+6
0x0792	0x454D ;?ICS?lstr5_MyProject+8
0x0794	0x544E ;?ICS?lstr5_MyProject+10
0x0796	0x00 ;?ICS?lstr5_MyProject+12
; end of ?ICS?lstr5_MyProject
;MyProject.c,0 :: ?ICS_digit
0x0797	0x2E30 ;?ICS_digit+0
0x0799	0x3030 ;?ICS_digit+2
0x079B	0x6D6D ;?ICS_digit+4
0x079D	0x00 ;?ICS_digit+6
; end of ?ICS_digit
Symbol List:
//** Routines locations **
//ADDRESS    SIZE    PROCEDURE
//----------------------------------------------
0x001C      [12]    _Delay_50us
0x0028      [20]    _Delay_5500us
0x003C       [6]    _Delay_1us
0x0042     [124]    _Lcd_Cmd
0x00BE      [12]    _Lcd_Chr_CP
0x00CA      [10]    _Delay_22us
0x00D4      [82]    _Mul_32x32_U
0x0126      [16]    ___CC2DW
0x0136     [150]    _Lcd_Init
0x01CC     [122]    _Lcd_Out
0x0246     [748]    _Div_32x32_U
0x0532      [54]    _ADC_Read
0x0568     [504]    _main
//** Variables locations ** 
//ADDRESS    SIZE    VARIABLE
//----------------------------------------------
0x0000       [1]    UART1_Init_tmp_L0
0x0000       [1]    SPI1_Write_tmp_L0
0x0000       [1]    __Lib_SoftI2C_PutZerosToLATScl_temp_scl_L0
0x0000       [1]    FLASH_Erase_64_SaveINTCON_L0
0x0000       [1]    R0
0x0000       [1]    __Lib_SoftI2C_PutZerosToLATSda_temp_sda_L0
0x0000       [1]    EEPROM_Write_SaveINTCON_L0
0x0001       [2]    FLASH_Read_N_Bytes_i_L0
0x0001       [1]    ispunct_rslt_L0
0x0001       [1]    I2C1_Rd_tmp_L0
0x0001       [1]    FLASH_Write_32_i_L0
0x0001       [1]    R1
0x0001       [1]    UART1_Read___tmp_UART1_Read_L0
0x0001       [1]    __Lib_PS2_Wait_Falling_nsample_L0
0x0001       [1]    FLASH_Erase_Write_64_i_L0
0x0002       [2]    strlen_cp_L0
0x0002       [2]    memset_pp_L0
0x0002       [2]    memchr_s_L0
0x0002       [1]    FLASH_Erase_Write_64_j_L0
0x0002       [1]    R2
0x0002       [2]    memcpy_dd_L0
0x0002       [1]    FLASH_Write_32_SaveINTCON_L0
0x0003       [1]    FLASH_Erase_Write_64_SaveINTCON_L0
0x0003       [1]    R3
0x0003       [1]    MM_Init_i_L0
0x0003       [2]    MM_TotalFreeMemSize_Tot_L0
0x0003       [2]    Ltrim_original_L0
0x0003       [2]    memmove_tt_L0
0x0004       [2]    strcat_cp_L0
0x0004       [2]    strncat_cp_L0
0x0004       [2]    strcpy_cp_L0
0x0004       [2]    strncpy_cp_L0
0x0004       [2]    frexp_pom_L0
0x0004       [2]    memcpy_ss_L0
0x0004       [1]    R4
0x0004       [2]    __Lib_MemManager_MM_GetMemAlign_P_L0
0x0005       [2]    Ltrim_p_L0
0x0005       [1]    R5
0x0005       [2]    LongWordToHex_input_half_L0
0x0005       [2]    LongIntToHex_input_half_L0
0x0005       [2]    memmove_ff_L0
0x0005       [1]    MM_TotalFreeMemSize_i_L0
0x0006       [1]    __Lib_MemManager_MM_GetMemAlign_i_L0
0x0006       [1]    R6
0x0007       [1]    R7
0x0008       [1]    R8
0x0009       [1]    R9
0x000A       [1]    R10
0x000B       [1]    R11
0x000C       [1]    R12
0x000D       [1]    R13
0x000E       [1]    R14
0x000F       [1]    R15
0x0010       [1]    R16
0x0011       [1]    R17
0x0012       [1]    R18
0x0013       [1]    R19
0x0014       [1]    R20
0x0015       [3]    ?lstr3_MyProject
0x0018      [17]    ?lstr4_MyProject
0x0029      [13]    ?lstr1_MyProject
0x0036       [9]    ?lstr2_MyProject
0x003F      [13]    ?lstr5_MyProject
0x004C       [7]    _digit
0x0053       [0]    __Lib_Lcd_cmd_status
0x0054       [4]    _temp
0x0058       [4]    FLOC__main
0x005C       [1]    FARG_ADC_Read_channel
0x005C       [1]    FARG_Lcd_Out_row
0x005D       [1]    FARG_Lcd_Out_column
0x005E       [2]    FARG_Lcd_Out_text
0x0060       [1]    Lcd_Out_i_L0
0x0061       [1]    FARG_Lcd_Chr_CP_out_char
0x0062       [1]    FARG_Lcd_Cmd_out_char
0x0F83       [0]    LCD_D4
0x0F83       [0]    RD5_bit
0x0F83       [0]    RD2_bit
0x0F83       [0]    RD1_bit
0x0F83       [0]    RD0_bit
0x0F83       [0]    RD3_bit
0x0F83       [0]    LCD_EN
0x0F83       [0]    RD4_bit
0x0F83       [0]    LCD_RS
0x0F83       [0]    LCD_D7
0x0F83       [0]    LCD_D5
0x0F83       [0]    LCD_D6
0x0F92       [1]    TRISA
0x0F95       [0]    TRISD3_bit
0x0F95       [0]    TRISD4_bit
0x0F95       [0]    LCD_EN_Direction
0x0F95       [0]    TRISD1_bit
0x0F95       [0]    LCD_RS_Direction
0x0F95       [0]    TRISD5_bit
0x0F95       [0]    TRISD0_bit
0x0F95       [0]    LCD_D4_Direction
0x0F95       [0]    LCD_D7_Direction
0x0F95       [0]    LCD_D6_Direction
0x0F95       [0]    LCD_D5_Direction
0x0F95       [0]    TRISD2_bit
0x0FC0       [1]    ADCON2
0x0FC1       [1]    ADCON1
0x0FC2       [1]    ADCON0
0x0FC3       [1]    ADRESL
0x0FC4       [1]    ADRESH
0x0FD8       [1]    STATUS
0x0FD9       [1]    FSR2L
0x0FDA       [1]    FSR2H
0x0FDE       [1]    POSTINC2
0x0FE0       [1]    BSR
0x0FE1       [1]    FSR1L
0x0FE2       [1]    FSR1H
0x0FE4       [1]    PREINC1
0x0FE6       [1]    POSTINC1
0x0FE7       [1]    INDF1
0x0FE8       [1]    WREG
0x0FE9       [1]    FSR0L
0x0FEA       [1]    FSR0H
0x0FEE       [1]    POSTINC0
0x0FF3       [1]    PRODL
0x0FF4       [1]    PRODH
0x0FF5       [1]    TABLAT
0x0FF6       [1]    TBLPTRL
0x0FF7       [1]    TBLPTRH
0x0FF8       [1]    TBLPTRU
//** Constants locations ** 
//ADDRESS    SIZE    CONSTANT
//----------------------------------------------
0x0760       [3]    ?ICS?lstr3_MyProject
0x0763      [17]    ?ICS?lstr4_MyProject
0x0774      [13]    ?ICS?lstr1_MyProject
0x0781       [9]    ?ICS?lstr2_MyProject
0x078A      [13]    ?ICS?lstr5_MyProject
0x0797       [7]    ?ICS_digit
//** Label List: ** 
//----------------------------------------------
  L_main0
  L_main1
  L_main2
  L_main3
  L_main4
  L_main5
  L_end_main
  _main
  L_ADC_Get_Sample0
  L_ADC_Get_Sample1
  L_ADC_Read2
  L_ADC_Read3
  L_end_ADC_Init
  _ADC_Init
  L_end_ADC_Get_Sample
  _ADC_Get_Sample
  L_end_ADC_Read
  _ADC_Read
  L_Delay_10us0
  L_Delay_22us1
  L_Delay_50us2
  L_Delay_80us3
  L_Delay_500us4
  L_Delay_5500us5
  L_Delay_1ms6
  L_Delay_5ms7
  L_Delay_8ms8
  L_Delay_100ms9
  L_Delay_10ms10
  L_Delay_1sec11
  L____Boot_Delay4k12
  L____Boot_Delay8k13
  L____Boot_Delay12k14
  L____Boot_Delay16k15
  L____Boot_Delay24k16
  L____Boot_Delay32k17
  L____Boot_Delay48k18
  L____Boot_Delay64k19
  L____Boot_Delay128k20
  L_Delay_Cyc21
  L_Delay_Cyc22
  L_VDelay_ms23
  L_VDelay_ms24
  L_VDelay_ms25
  L_VDelay_Advanced_ms26
  L_VDelay_Advanced_ms27
  L_VDelay_Advanced_ms28
  L_end_Get_Fosc_kHz
  _Get_Fosc_kHz
  L_end_Delay_1us
  _Delay_1us
  L_end_Delay_10us
  _Delay_10us
  L_end_Delay_22us
  _Delay_22us
  L_end_Delay_50us
  _Delay_50us
  L_end_Delay_80us
  _Delay_80us
  L_end_Delay_500us
  _Delay_500us
  L_end_Delay_5500us
  _Delay_5500us
  L_end_Delay_1ms
  _Delay_1ms
  L_end_Delay_5ms
  _Delay_5ms
  L_end_Delay_8ms
  _Delay_8ms
  L_end_Delay_100ms
  _Delay_100ms
  L_end_Delay_10ms
  _Delay_10ms
  L_end_Delay_1sec
  _Delay_1sec
  L_end____Boot_Delay4k
  ____Boot_Delay4k
  L_end____Boot_Delay8k
  ____Boot_Delay8k
  L_end____Boot_Delay12k
  ____Boot_Delay12k
  L_end____Boot_Delay16k
  ____Boot_Delay16k
  L_end____Boot_Delay24k
  ____Boot_Delay24k
  L_end____Boot_Delay32k
  ____Boot_Delay32k
  L_end____Boot_Delay48k
  ____Boot_Delay48k
  L_end____Boot_Delay64k
  ____Boot_Delay64k
  L_end____Boot_Delay128k
  ____Boot_Delay128k
  L_end_Delay_Cyc
  _Delay_Cyc
  L_end_VDelay_ms
  _VDelay_ms
  L__VDelay_ms54
  L__VDelay_ms55
  L__VDelay_ms56
  L_end_VDelay_Advanced_ms
  _VDelay_Advanced_ms
  L__VDelay_Advanced_ms58
  L__VDelay_Advanced_ms59
  L__VDelay_Advanced_ms60
  L_Lcd_Cmd0
  L_Lcd_Cmd1
  L_Lcd_Out_CP2
  L_Lcd_Out_CP3
  L_Lcd_Chr4
  L_Lcd_Chr5
  L_Lcd_Chr6
  L_Lcd_Chr7
  L_Lcd_Chr8
  L_Lcd_Chr9
  L_Lcd_Chr10
  L_Lcd_Out11
  L_Lcd_Out12
  L_Lcd_Out13
  L_Lcd_Out14
  L_Lcd_Out15
  L_Lcd_Out16
  L_Lcd_Out17
  L_Lcd_Out18
  L_Lcd_Out19
  L_end_Lcd_Cmd
  _Lcd_Cmd
  L__Lcd_Cmd21
  L__Lcd_Cmd22
  L__Lcd_Cmd23
  L__Lcd_Cmd24
  L__Lcd_Cmd25
  L__Lcd_Cmd26
  L__Lcd_Cmd27
  L__Lcd_Cmd28
  L__Lcd_Cmd29
  L__Lcd_Cmd30
  L__Lcd_Cmd31
  L__Lcd_Cmd32
  L__Lcd_Cmd33
  L__Lcd_Cmd34
  L__Lcd_Cmd35
  L__Lcd_Cmd36
  L__Lcd_Cmd37
  L__Lcd_Cmd38
  L__Lcd_Cmd39
  L__Lcd_Cmd40
  L_end_Lcd_Chr_CP
  _Lcd_Chr_CP
  L_end_Lcd_Out_CP
  _Lcd_Out_CP
  L_end_Lcd_Chr
  _Lcd_Chr
  L_end_Lcd_Init
  _Lcd_Init
  L_end_Lcd_Out
  _Lcd_Out
  L_Div_16x16_S0
  L_Div_16x16_S1
  LOOPS3232A
  SADD22LA
  SOK22LA
  SADD22L8
  SOK22L8
  LOOPS3232B
  SADD22LB
  SOK22LB
  SADD22L16
  SOK22L16
  LOOPS3232C
  SADD22LC
  SOK22LC
  SADD22L24
  SOK22L24
  LOOPS3232D
  SADD22LD
  SOK22LD
  SOK22L
  L_Div_32x32_S6
  L_Div_32x32_S7
  L_Div_32x32_S8
  L_Div_32x32_S9
  FXD3232S
  END_ALL
  CA3232S
  C3232SX
  C3232SX1
  C3232S
  C3232S2
  C3232SX4
  C3232SOK
  C3232SX3
  C3232SX2
  avoid_comfrem
  LOOPU3232A
  UADD22LA
  UOK22LA
  UADD22L8
  UOK22L8
  LOOPU3232B
  UADD22LB
  UOK22LB
  UADD22L16
  UOK22L16
  LOOPU3232C
  UADD22LC
  UOK22LC
  UADD22L24
  UOK22L24
  LOOPU3232D
  UADD22LD
  UOK22LD
  UOK22L
  _NEXT
  _EXIT2
  _LOOP
  _EXIT1
  _IF_FIRST
  _IF_SECOND
  _INVERCE_FIRST
  _MULT
  _INBERSE_SECOND
  _EXIT
  L_end_Div_8x8_U
  _Div_8x8_U
  L_end_Div_16x16_U
  _Div_16x16_U
  L_end_Div_16x16_S_L
  _Div_16x16_S_L
  L_end_Div_16x16_S
  _Div_16x16_S
  L_end_Div_8x8_S
  _Div_8x8_S
  L_end_Mul_8x8_S
  _Mul_8x8_S
  L_end_Mul_16x16_U
  _Mul_16x16_U
  L_end_Mul_16x16_S
  _Mul_16x16_S
  L_end_SDIV3232L
  _SDIV3232L
  L_end_COMFREM
  _COMFREM
  L_end_Div_32x32_S
  _Div_32x32_S
  L_end_Div_32x32_U
  _Div_32x32_U
  L_end_Mul_32x32_U
  _Mul_32x32_U
  L_end_Mul_32x32_S
  _Mul_32x32_S
  _CC2D_Loop1
  _CC2DL_Loop1
  L_loopCA2AWs
  L_loopCCA2AWs
  L_loopCS2Ss
  L_CS2Send
  L_loopCCS2Ss
  L_CCS2Send
  L_loopFZinSWs
  L_longjmp7
  L_end___CC2D
  ___CC2D
  L_end___CC2DW
  ___CC2DW
  L_end___CA2AW
  ___CA2AW
  L_end___CCA2AW
  ___CCA2AW
  L_end___CS2S
  ___CS2S
  L_end___CCS2S
  ___CCS2S
  L_end___FZinS
  ___FZinS
  L_end_____DoIFC
  _____DoIFC
  L_end_Swap
  _Swap
  L_end_setjmp
  _setjmp
  L_end_longjmp
  _longjmp
